#
# A fatal error has been detected by the Java Runtime Environment:
#
#  SIGSEGV (0xb) at pc=0x0000000127a355dd, pid=68857, tid=1811
#
# JRE version: Java(TM) SE Runtime Environment (8.0_51-b16) (build 1.8.0_51-b16)
# Java VM: Java HotSpot(TM) 64-Bit Server VM (25.51-b03 mixed mode bsd-amd64 compressed oops)
# Problematic frame:
# C  [libglass.dylib+0x155dd]  GlassScreenDidChangeScreenParameters+0x9d
#
# Failed to write core dump. Core dumps have been disabled. To enable core dumping, try "ulimit -c unlimited" before starting Java again
#
# If you would like to submit a bug report, please visit:
#   http://bugreport.java.com/bugreport/crash.jsp
#

---------------  T H R E A D  ---------------

Current thread is native thread

siginfo: si_signo: 11 (SIGSEGV), si_code: 1 (SEGV_MAPERR), si_addr: 0x0000000000000000

Registers:
RAX=0x0000000127a67bc0, RBX=0x0000000000000000, RCX=0xf40034951ecc1330, RDX=0x00007fa06045d0c0
RSP=0x00007fff58af0820, RBP=0x00007fff58af0830, RSI=0x00007fa062101398, RDI=0x0000000000000000
R8 =0x00007fff58af06d0, R9 =0x00007fff77bfe300, R10=0x0000000000000000, R11=0x0000000000000246
R12=0x00007fa060523d60, R13=0x00000000000f4268, R14=0x00007fa06045cfd0, R15=0x00007fff58af0970
RIP=0x0000000127a355dd, EFLAGS=0x0000000000010206, ERR=0x0000000000000004
  TRAPNO=0x000000000000000e

Top of Stack: (sp=0x00007fff58af0820)
0x00007fff58af0820:   00007fff58af0a00 00007fa06045cfd0
0x00007fff58af0830:   00007fff58af0840 00007fff8a6a1cdc
0x00007fff58af0840:   00007fff58af0ba0 00007fff8a593244
0x00007fff58af0850:   0000000000000000 0000000000003200
0x00007fff58af0860:   00007fff58af08a0 00007fff94e2db4e
0x00007fff58af0870:   0000000000001005 0000000000000d50
0x00007fff58af0880:   00437b0000437b00 00007fa06045cfd0
0x00007fff58af0890:   0000000000000000 00007fff58af0970
0x00007fff58af08a0:   0000000000000000 00007fa06045cf90
0x00007fff58af08b0:   00007fff58af09f0 000000000000008e
0x00007fff58af08c0:   00000000000f4b3b 00007fa0605e1300
0x00007fff58af08d0:   00007fa06222cc50 00007fa060523d60
0x00007fff58af08e0:   0000000000000001 00000000000f4268
0x00007fff58af08f0:   00007fa060523d50 00007fff8be32acb
0x00007fff58af0900:   0000000000000001 0000000000000001
0x00007fff58af0910:   0000000000000030 0000000000000001
0x00007fff58af0920:   00007fff58af0940 00007fff8be38231
0x00007fff58af0930:   00007fff7628cdd0 0000000000000000
0x00007fff58af0940:   00007fff58af0960 000000000000000b
0x00007fff58af0950:   002a750300000000 00007fa060523d84
0x00007fff58af0960:   0000000000000000 00007fff8a588d1f
0x00007fff58af0970:   00007fa06045cfd0 00007fff7628cdd0
0x00007fff58af0980:   00007fff58af0a00 00007fff8a59184f
0x00007fff58af0990:   00007fff58af0a04 0000000000636201
0x00007fff58af09a0:   000000010712aa00 0000000000000001
0x00007fff58af09b0:   0000000107127000 00007fa0605fc071
0x00007fff58af09c0:   0000000000000003 000000010712dc00
0x00007fff58af09d0:   00007fff58af0ac0 00007fff8be312a2
0x00007fff58af09e0:   00007fa060631e20 00007fff58af0ba8
0x00007fff58af09f0:   0000000000000017 0000000000000000
0x00007fff58af0a00:   00000000000f4268 00007fff8a589013
0x00007fff58af0a10:   00007fff00000000 00007fa062015de0 

Instructions: (pc=0x0000000127a355dd)
0x0000000127a355bd:   89 df 4c 89 f1 41 ff 90 68 04 00 00 48 8d 05 f8
0x0000000127a355cd:   24 03 00 48 8b 30 48 8d 05 e6 25 03 00 48 8b 10
0x0000000127a355dd:   48 8b 0b 30 c0 48 89 df ff 91 68 04 00 00 48 8b
0x0000000127a355ed:   03 48 89 df ff 50 78 48 85 c0 74 36 49 89 c6 48 

Register to memory mapping:

RAX=0x0000000127a67bc0: jScreenNotifySettingsChanged+0 in /Library/Java/JavaVirtualMachines/jdk1.8.0_51.jdk/Contents/Home/jre/lib/libglass.dylib at 0x0000000127a20000
RBX=0x0000000000000000 is an unknown value
RCX=0xf40034951ecc1330 is an unknown value
RDX=0x00007fa06045d0c0 is an unknown value
RSP=0x00007fff58af0820 is an unknown value
RBP=0x00007fff58af0830 is an unknown value
RSI=0x00007fa062101398 is a global jni handle
RDI=0x0000000000000000 is an unknown value
R8 =0x00007fff58af06d0 is an unknown value
R9 =0x00007fff77bfe300: _thread+0 in /usr/lib/system/libsystem_pthread.dylib at 0x00007fff94e2c000
R10=0x0000000000000000 is an unknown value
R11=0x0000000000000246 is an unknown value
R12=0x00007fa060523d60 is an unknown value
R13=0x00000000000f4268 is an unknown value
R14=0x00007fa06045cfd0 is an unknown value
R15=0x00007fff58af0970 is an unknown value


Stack: [0x00007fff582f4000,0x00007fff58af4000],  sp=0x00007fff58af0820,  free space=8178k
Native frames: (J=compiled Java code, j=interpreted, Vv=VM code, C=native code)
C  [libglass.dylib+0x155dd]  GlassScreenDidChangeScreenParameters+0x9d
C  [CoreFoundation+0x11ecdc]  __CFNOTIFICATIONCENTER_IS_CALLING_OUT_TO_AN_OBSERVER__+0xc
C  [CoreFoundation+0x10244]  _CFXNotificationPost+0xc44
C  [Foundation+0x2c31]  -[NSNotificationCenter postNotificationName:object:userInfo:]+0x42
C  [AppKit+0x36305e]  -[NSApplication _reactToScreenInvalidationImmediately:]+0x17b
C  [AppKit+0x362e9d]  __44-[NSApplication _reactToScreenInvalidation:]_block_invoke+0x4b
C  [CoreFoundation+0x8056c]  __CFRUNLOOP_IS_CALLING_OUT_TO_A_BLOCK__+0xc
C  [CoreFoundation+0x72675]  __CFRunLoopDoBlocks+0x155
C  [CoreFoundation+0x721b6]  __CFRunLoopRun+0x716
C  [CoreFoundation+0x71858]  CFRunLoopRunSpecific+0x128
C  [java+0x6463]  CreateExecutionEnvironment+0x367
C  [java+0x21ac]  JLI_Launch+0x7a0
C  [java+0x84c0]  main+0x65
C  [java+0x1a04]  start+0x34


---------------  P R O C E S S  ---------------

VM state:not at safepoint (normal execution)

VM Mutex/Monitor currently owned by a thread: None

Heap:
 PSYoungGen      total 76288K, used 59161K [0x000000076ab00000, 0x0000000770000000, 0x00000007c0000000)
  eden space 65536K, 73% used [0x000000076ab00000,0x000000076da4e5b0,0x000000076eb00000)
  from space 10752K, 99% used [0x000000076eb00000,0x000000076f578050,0x000000076f580000)
  to   space 10752K, 0% used [0x000000076f580000,0x000000076f580000,0x0000000770000000)
 ParOldGen       total 175104K, used 2627K [0x00000006c0000000, 0x00000006cab00000, 0x000000076ab00000)
  object space 175104K, 1% used [0x00000006c0000000,0x00000006c0290c58,0x00000006cab00000)
 Metaspace       used 17996K, capacity 18932K, committed 19072K, reserved 1064960K
  class space    used 2362K, capacity 2588K, committed 2688K, reserved 1048576K

Card table byte_map: [0x0000000118729000,0x0000000118f2a000] byte_map_base: 0x0000000115129000

Marking Bits: (ParMarkBitMap*) 0x0000000108cc27a0
 Begin Bits: [0x0000000119c98000, 0x000000011dc98000)
 End Bits:   [0x000000011dc98000, 0x0000000121c98000)

Polling page: 0x0000000107368000

CodeCache: size=245760Kb used=12610Kb max_used=12610Kb free=233149Kb
 bounds [0x0000000109369000, 0x0000000109fc9000, 0x0000000118369000]
 total_blobs=4518 nmethods=3839 adapters=591
 compilation: enabled

Compilation events (10 events):
Event: 50.372 Thread 0x00007fa063018800 4197       3       javafx.scene.layout.HBox::layoutChildren (296 bytes)
Event: 50.372 Thread 0x00007fa063017800 nmethod 4196 0x0000000109fb6d90 code [0x0000000109fb6f00, 0x0000000109fb6fd8]
Event: 50.375 Thread 0x00007fa063018800 nmethod 4197 0x0000000109fbb450 code [0x0000000109fbb940, 0x0000000109fbf458]
Event: 50.381 Thread 0x00007fa061012000 nmethod 4195 0x0000000109fc3410 code [0x0000000109fc35e0, 0x0000000109fc3c48]
Event: 50.785 Thread 0x00007fa063018800 4198   !   3       com.sun.javafx.application.PlatformImpl::waitForStart (26 bytes)
Event: 50.785 Thread 0x00007fa063018800 nmethod 4198 0x0000000109fc4310 code [0x0000000109fc4500, 0x0000000109fc4e78]
Event: 50.785 Thread 0x00007fa063018800 4199       3       com.sun.javafx.application.PlatformImpl$$Lambda$50/443303984::get$Lambda (10 bytes)
Event: 50.785 Thread 0x00007fa063018800 nmethod 4199 0x0000000109fb7090 code [0x0000000109fb7200, 0x0000000109fb7470]
Event: 50.785 Thread 0x00007fa063018800 4200       3       com.sun.javafx.application.PlatformImpl$$Lambda$50/443303984::<init> (15 bytes)
Event: 50.786 Thread 0x00007fa063018800 nmethod 4200 0x0000000109fb3d10 code [0x0000000109fb3e80, 0x0000000109fb4070]

GC Heap History (2 events):
Event: 17.095 GC heap before
{Heap before GC invocations=1 (full 0):
 PSYoungGen      total 76288K, used 65536K [0x000000076ab00000, 0x0000000770000000, 0x00000007c0000000)
  eden space 65536K, 100% used [0x000000076ab00000,0x000000076eb00000,0x000000076eb00000)
  from space 10752K, 0% used [0x000000076f580000,0x000000076f580000,0x0000000770000000)
  to   space 10752K, 0% used [0x000000076eb00000,0x000000076eb00000,0x000000076f580000)
 ParOldGen       total 175104K, used 0K [0x00000006c0000000, 0x00000006cab00000, 0x000000076ab00000)
  object space 175104K, 0% used [0x00000006c0000000,0x00000006c0000000,0x00000006cab00000)
 Metaspace       used 17442K, capacity 18398K, committed 18560K, reserved 1064960K
  class space    used 2350K, capacity 2571K, committed 2688K, reserved 1048576K
Event: 17.106 GC heap after
Heap after GC invocations=1 (full 0):
 PSYoungGen      total 76288K, used 10720K [0x000000076ab00000, 0x0000000770000000, 0x00000007c0000000)
  eden space 65536K, 0% used [0x000000076ab00000,0x000000076ab00000,0x000000076eb00000)
  from space 10752K, 99% used [0x000000076eb00000,0x000000076f578050,0x000000076f580000)
  to   space 10752K, 0% used [0x000000076f580000,0x000000076f580000,0x0000000770000000)
 ParOldGen       total 175104K, used 2627K [0x00000006c0000000, 0x00000006cab00000, 0x000000076ab00000)
  object space 175104K, 1% used [0x00000006c0000000,0x00000006c0290c58,0x00000006cab00000)
 Metaspace       used 17442K, capacity 18398K, committed 18560K, reserved 1064960K
  class space    used 2350K, capacity 2571K, committed 2688K, reserved 1048576K
}

Deoptimization events (10 events):
Event: 9.507 Thread 0x00007fa061887000 Uncommon trap: reason=unstable_if action=reinterpret pc=0x0000000109a177c4 method=com.sun.javafx.css.CompoundSelector.applies(Ljavafx/css/Styleable;I[Ljava/util/Set;I)Z @ 32
Event: 14.576 Thread 0x00007fa061887000 Uncommon trap: reason=array_check action=maybe_recompile pc=0x0000000109cc3cb8 method=com.sun.javafx.css.CompoundSelector.applies(Ljavafx/css/Styleable;[Ljava/util/Set;I)Z @ 128
Event: 14.576 Thread 0x00007fa061887000 Uncommon trap: reason=array_check action=maybe_recompile pc=0x0000000109cc3cb8 method=com.sun.javafx.css.CompoundSelector.applies(Ljavafx/css/Styleable;[Ljava/util/Set;I)Z @ 128
Event: 14.576 Thread 0x00007fa061887000 Uncommon trap: reason=array_check action=maybe_recompile pc=0x0000000109cc3cb8 method=com.sun.javafx.css.CompoundSelector.applies(Ljavafx/css/Styleable;[Ljava/util/Set;I)Z @ 128
Event: 14.576 Thread 0x00007fa061887000 Uncommon trap: reason=array_check action=maybe_recompile pc=0x0000000109cc3cb8 method=com.sun.javafx.css.CompoundSelector.applies(Ljavafx/css/Styleable;[Ljava/util/Set;I)Z @ 128
Event: 17.107 Thread 0x00007fa061887000 Uncommon trap: reason=unstable_if action=reinterpret pc=0x0000000109d1b8b4 method=java.util.concurrent.ConcurrentHashMap.get(Ljava/lang/Object;)Ljava/lang/Object; @ 152
Event: 17.575 Thread 0x00007fa061887000 Uncommon trap: reason=unstable_if action=reinterpret pc=0x00000001097d8d7c method=java.lang.ref.ReferenceQueue.poll()Ljava/lang/ref/Reference; @ 4
Event: 17.575 Thread 0x00007fa061887000 Uncommon trap: reason=unstable_if action=reinterpret pc=0x0000000109c50eb4 method=java.lang.ref.ReferenceQueue.poll()Ljava/lang/ref/Reference; @ 4
Event: 19.618 Thread 0x00007fa061887000 Uncommon trap: reason=unstable_if action=reinterpret pc=0x00000001099438d8 method=java.lang.ref.ReferenceQueue.poll()Ljava/lang/ref/Reference; @ 4
Event: 52.143 Thread 0x00007fa061887000 Uncommon trap: reason=class_check action=maybe_recompile pc=0x0000000109e532dc method=java.util.AbstractCollection.toArray()[Ljava/lang/Object; @ 1

Internal exceptions (10 events):
Event: 0.154 Thread 0x00007fa061000800 Exception <a 'java/lang/NoSuchFieldError': method resolution failed> (0x000000076b0d28e8) thrown at [/Users/java_re/workspace/8-2-build-macosx-x86_64/jdk8u51/3951/hotspot/src/share/vm/prims/methodHandles.cpp, line 1125]
Event: 0.156 Thread 0x00007fa061000800 Exception <a 'java/lang/NoSuchFieldError': method resolution failed> (0x000000076b0e0fb8) thrown at [/Users/java_re/workspace/8-2-build-macosx-x86_64/jdk8u51/3951/hotspot/src/share/vm/prims/methodHandles.cpp, line 1125]
Event: 0.176 Thread 0x00007fa061876800 Exception <a 'java/security/PrivilegedActionException'> (0x000000076b181250) thrown at [/Users/java_re/workspace/8-2-build-macosx-x86_64/jdk8u51/3951/hotspot/src/share/vm/prims/jvm.cpp, line 1382]
Event: 0.176 Thread 0x00007fa061876800 Exception <a 'java/security/PrivilegedActionException'> (0x000000076b181408) thrown at [/Users/java_re/workspace/8-2-build-macosx-x86_64/jdk8u51/3951/hotspot/src/share/vm/prims/jvm.cpp, line 1382]
Event: 0.176 Thread 0x00007fa061876800 Exception <a 'java/security/PrivilegedActionException'> (0x000000076b1845f8) thrown at [/Users/java_re/workspace/8-2-build-macosx-x86_64/jdk8u51/3951/hotspot/src/share/vm/prims/jvm.cpp, line 1382]
Event: 0.176 Thread 0x00007fa061876800 Exception <a 'java/security/PrivilegedActionException'> (0x000000076b1847b0) thrown at [/Users/java_re/workspace/8-2-build-macosx-x86_64/jdk8u51/3951/hotspot/src/share/vm/prims/jvm.cpp, line 1382]
Event: 0.176 Thread 0x00007fa061876800 Exception <a 'java/lang/NullPointerException'> (0x000000076b184f48) thrown at [/Users/java_re/workspace/8-2-build-macosx-x86_64/jdk8u51/3951/hotspot/src/share/vm/interpreter/linkResolver.cpp, line 1178]
Event: 0.474 Thread 0x00007fa061887000 Exception <a 'java/lang/NullPointerException'> (0x000000076bb82390) thrown at [/Users/java_re/workspace/8-2-build-macosx-x86_64/jdk8u51/3951/hotspot/src/share/vm/interpreter/linkResolver.cpp, line 1178]
Event: 0.474 Thread 0x00007fa061887000 Exception <a 'java/lang/NullPointerException'> (0x000000076bb82390) thrown at [/Users/java_re/workspace/8-2-build-macosx-x86_64/jdk8u51/3951/hotspot/src/share/vm/prims/jvm.cpp, line 1386]
Event: 0.591 Thread 0x00007fa061887000 Implicit null exception at 0x00000001095d14f5 to 0x00000001095d16ed

Events (10 events):
Event: 52.143 Thread 0x00007fa061887000 DEOPT UNPACKING pc=0x000000010936e229 sp=0x00007fff58aee068 mode 2
Event: 52.144 loading class com/sun/javafx/tk/quantum/QuantumRenderer
Event: 52.144 loading class com/sun/javafx/tk/quantum/QuantumRenderer done
Event: 52.144 loading class com/sun/javafx/tk/quantum/QuantumToolkit
Event: 52.144 loading class com/sun/javafx/tk/quantum/QuantumToolkit done
Event: 52.144 Thread 0x00007fa06187d800 Thread exited: 0x00007fa06187d800
Event: 52.144 Thread 0x00007fa061876800 Thread exited: 0x00007fa061876800
Event: 52.144 Thread 0x00007fa061000800 Thread exited: 0x00007fa061000800
Event: 52.144 Thread 0x00007fa0609b8000 Thread added: 0x00007fa0609b8000
Event: 52.144 Thread 0x00007fa061887000 Thread exited: 0x00007fa061887000


Dynamic libraries:
0x0000000005686000 	/System/Library/Frameworks/Cocoa.framework/Versions/A/Cocoa
0x0000000005686000 	/System/Library/Frameworks/Security.framework/Versions/A/Security
0x0000000005686000 	/System/Library/Frameworks/ApplicationServices.framework/Versions/A/ApplicationServices
0x0000000005686000 	/usr/lib/libz.1.dylib
0x0000000005686000 	/usr/lib/libSystem.B.dylib
0x0000000005686000 	/usr/lib/libobjc.A.dylib
0x0000000005686000 	/System/Library/Frameworks/CoreFoundation.framework/Versions/A/CoreFoundation
0x0000000005686000 	/System/Library/Frameworks/Foundation.framework/Versions/C/Foundation
0x0000000005686000 	/System/Library/Frameworks/AppKit.framework/Versions/C/AppKit
0x0000000005686000 	/System/Library/Frameworks/CoreData.framework/Versions/A/CoreData
0x0000000005686000 	/System/Library/PrivateFrameworks/RemoteViewServices.framework/Versions/A/RemoteViewServices
0x0000000005686000 	/System/Library/PrivateFrameworks/UIFoundation.framework/Versions/A/UIFoundation
0x0000000005686000 	/System/Library/Frameworks/IOSurface.framework/Versions/A/IOSurface
0x0000000005686000 	/System/Library/Frameworks/AudioToolbox.framework/Versions/A/AudioToolbox
0x0000000005686000 	/System/Library/Frameworks/AudioUnit.framework/Versions/A/AudioUnit
0x0000000005686000 	/System/Library/PrivateFrameworks/DataDetectorsCore.framework/Versions/A/DataDetectorsCore
0x0000000005686000 	/System/Library/PrivateFrameworks/DesktopServicesPriv.framework/Versions/A/DesktopServicesPriv
0x0000000005686000 	/System/Library/Frameworks/Carbon.framework/Versions/A/Frameworks/HIToolbox.framework/Versions/A/HIToolbox
0x0000000005686000 	/System/Library/Frameworks/QuartzCore.framework/Versions/A/QuartzCore
0x0000000005686000 	/System/Library/Frameworks/Carbon.framework/Versions/A/Frameworks/SpeechRecognition.framework/Versions/A/SpeechRecognition
0x0000000005686000 	/usr/lib/libauto.dylib
0x0000000005686000 	/usr/lib/libicucore.A.dylib
0x0000000005686000 	/usr/lib/libxml2.2.dylib
0x0000000005686000 	/System/Library/PrivateFrameworks/CoreUI.framework/Versions/A/CoreUI
0x0000000005686000 	/System/Library/Frameworks/CoreAudio.framework/Versions/A/CoreAudio
0x0000000005686000 	/System/Library/Frameworks/DiskArbitration.framework/Versions/A/DiskArbitration
0x0000000005686000 	/usr/lib/liblangid.dylib
0x0000000005686000 	/System/Library/PrivateFrameworks/MultitouchSupport.framework/Versions/A/MultitouchSupport
0x0000000005686000 	/System/Library/Frameworks/IOKit.framework/Versions/A/IOKit
0x0000000005686000 	/usr/lib/libDiagnosticMessagesClient.dylib
0x0000000005686000 	/System/Library/Frameworks/CoreServices.framework/Versions/A/CoreServices
0x0000000005686000 	/System/Library/PrivateFrameworks/PerformanceAnalysis.framework/Versions/A/PerformanceAnalysis
0x0000000005686000 	/System/Library/PrivateFrameworks/GenerationalStorage.framework/Versions/A/GenerationalStorage
0x0000000005686000 	/System/Library/Frameworks/OpenGL.framework/Versions/A/OpenGL
0x0000000005686000 	/System/Library/PrivateFrameworks/Sharing.framework/Versions/A/Sharing
0x0000000005686000 	/System/Library/Frameworks/CoreGraphics.framework/Versions/A/CoreGraphics
0x0000000005686000 	/System/Library/Frameworks/CoreText.framework/Versions/A/CoreText
0x0000000005686000 	/System/Library/Frameworks/ImageIO.framework/Versions/A/ImageIO
0x0000000005686000 	/usr/lib/libextension.dylib
0x0000000005686000 	/System/Library/PrivateFrameworks/Backup.framework/Versions/A/Backup
0x0000000005686000 	/usr/lib/libarchive.2.dylib
0x0000000005686000 	/System/Library/Frameworks/CFNetwork.framework/Versions/A/CFNetwork
0x0000000005686000 	/System/Library/Frameworks/SystemConfiguration.framework/Versions/A/SystemConfiguration
0x0000000005686000 	/usr/lib/libCRFSuite.dylib
0x0000000005686000 	/usr/lib/libc++.1.dylib
0x0000000005686000 	/usr/lib/libc++abi.dylib
0x0000000005686000 	/usr/lib/system/libcache.dylib
0x0000000005686000 	/usr/lib/system/libcommonCrypto.dylib
0x0000000005686000 	/usr/lib/system/libcompiler_rt.dylib
0x0000000005686000 	/usr/lib/system/libcopyfile.dylib
0x0000000005686000 	/usr/lib/system/libcorecrypto.dylib
0x0000000005686000 	/usr/lib/system/libdispatch.dylib
0x0000000005686000 	/usr/lib/system/libdyld.dylib
0x0000000005686000 	/usr/lib/system/libkeymgr.dylib
0x0000000005686000 	/usr/lib/system/liblaunch.dylib
0x0000000005686000 	/usr/lib/system/libmacho.dylib
0x0000000005686000 	/usr/lib/system/libquarantine.dylib
0x0000000005686000 	/usr/lib/system/libremovefile.dylib
0x0000000005686000 	/usr/lib/system/libsystem_asl.dylib
0x0000000005686000 	/usr/lib/system/libsystem_blocks.dylib
0x0000000005686000 	/usr/lib/system/libsystem_c.dylib
0x0000000005686000 	/usr/lib/system/libsystem_configuration.dylib
0x0000000005686000 	/usr/lib/system/libsystem_coreservices.dylib
0x0000000005686000 	/usr/lib/system/libsystem_coretls.dylib
0x0000000005686000 	/usr/lib/system/libsystem_dnssd.dylib
0x0000000005686000 	/usr/lib/system/libsystem_info.dylib
0x0000000005686000 	/usr/lib/system/libsystem_kernel.dylib
0x0000000005686000 	/usr/lib/system/libsystem_m.dylib
0x0000000005686000 	/usr/lib/system/libsystem_malloc.dylib
0x0000000005686000 	/usr/lib/system/libsystem_network.dylib
0x0000000005686000 	/usr/lib/system/libsystem_networkextension.dylib
0x0000000005686000 	/usr/lib/system/libsystem_notify.dylib
0x0000000005686000 	/usr/lib/system/libsystem_platform.dylib
0x0000000005686000 	/usr/lib/system/libsystem_pthread.dylib
0x0000000005686000 	/usr/lib/system/libsystem_sandbox.dylib
0x0000000005686000 	/usr/lib/system/libsystem_secinit.dylib
0x0000000005686000 	/usr/lib/system/libsystem_stats.dylib
0x0000000005686000 	/usr/lib/system/libsystem_trace.dylib
0x0000000005686000 	/usr/lib/system/libunc.dylib
0x0000000005686000 	/usr/lib/system/libunwind.dylib
0x0000000005686000 	/usr/lib/system/libxpc.dylib
0x0000000005686000 	/usr/lib/libbz2.1.0.dylib
0x0000000005686000 	/usr/lib/liblzma.5.dylib
0x0000000005686000 	/usr/lib/libbsm.0.dylib
0x0000000005686000 	/usr/lib/libsqlite3.dylib
0x0000000005686000 	/usr/lib/system/libkxld.dylib
0x0000000005686000 	/usr/lib/libxar.1.dylib
0x0000000005686000 	/usr/lib/libpam.2.dylib
0x0000000005686000 	/usr/lib/libOpenScriptingUtil.dylib
0x0000000005686000 	/System/Library/Frameworks/CoreServices.framework/Versions/A/Frameworks/FSEvents.framework/Versions/A/FSEvents
0x0000000005686000 	/System/Library/Frameworks/CoreServices.framework/Versions/A/Frameworks/CarbonCore.framework/Versions/A/CarbonCore
0x0000000005686000 	/System/Library/Frameworks/CoreServices.framework/Versions/A/Frameworks/Metadata.framework/Versions/A/Metadata
0x0000000005686000 	/System/Library/Frameworks/CoreServices.framework/Versions/A/Frameworks/OSServices.framework/Versions/A/OSServices
0x0000000005686000 	/System/Library/Frameworks/CoreServices.framework/Versions/A/Frameworks/SearchKit.framework/Versions/A/SearchKit
0x0000000005686000 	/System/Library/Frameworks/CoreServices.framework/Versions/A/Frameworks/AE.framework/Versions/A/AE
0x0000000005686000 	/System/Library/Frameworks/CoreServices.framework/Versions/A/Frameworks/LaunchServices.framework/Versions/A/LaunchServices
0x0000000005686000 	/System/Library/Frameworks/CoreServices.framework/Versions/A/Frameworks/DictionaryServices.framework/Versions/A/DictionaryServices
0x0000000005686000 	/System/Library/Frameworks/NetFS.framework/Versions/A/NetFS
0x0000000005686000 	/System/Library/PrivateFrameworks/NetAuth.framework/Versions/A/NetAuth
0x0000000005686000 	/System/Library/PrivateFrameworks/login.framework/Versions/A/Frameworks/loginsupport.framework/Versions/A/loginsupport
0x0000000005686000 	/System/Library/PrivateFrameworks/TCC.framework/Versions/A/TCC
0x0000000005686000 	/usr/lib/libmecabra.dylib
0x0000000005686000 	/System/Library/Frameworks/ApplicationServices.framework/Versions/A/Frameworks/ATS.framework/Versions/A/ATS
0x0000000005686000 	/System/Library/Frameworks/ApplicationServices.framework/Versions/A/Frameworks/ColorSync.framework/Versions/A/ColorSync
0x0000000005686000 	/System/Library/Frameworks/ApplicationServices.framework/Versions/A/Frameworks/HIServices.framework/Versions/A/HIServices
0x0000000005686000 	/System/Library/Frameworks/ApplicationServices.framework/Versions/A/Frameworks/LangAnalysis.framework/Versions/A/LangAnalysis
0x0000000005686000 	/System/Library/Frameworks/ApplicationServices.framework/Versions/A/Frameworks/PrintCore.framework/Versions/A/PrintCore
0x0000000005686000 	/System/Library/Frameworks/ApplicationServices.framework/Versions/A/Frameworks/QD.framework/Versions/A/QD
0x0000000005686000 	/System/Library/Frameworks/ApplicationServices.framework/Versions/A/Frameworks/SpeechSynthesis.framework/Versions/A/SpeechSynthesis
0x0000000005686000 	/System/Library/Frameworks/Accelerate.framework/Versions/A/Accelerate
0x0000000005686000 	/System/Library/Frameworks/Accelerate.framework/Versions/A/Frameworks/vImage.framework/Versions/A/vImage
0x0000000005686000 	/System/Library/Frameworks/Accelerate.framework/Versions/A/Frameworks/vecLib.framework/Versions/A/vecLib
0x0000000005686000 	/System/Library/Frameworks/Accelerate.framework/Versions/A/Frameworks/vecLib.framework/Versions/A/libvDSP.dylib
0x0000000005686000 	/System/Library/Frameworks/Accelerate.framework/Versions/A/Frameworks/vecLib.framework/Versions/A/libvMisc.dylib
0x0000000005686000 	/System/Library/Frameworks/Accelerate.framework/Versions/A/Frameworks/vecLib.framework/Versions/A/libLAPACK.dylib
0x0000000005686000 	/System/Library/Frameworks/Accelerate.framework/Versions/A/Frameworks/vecLib.framework/Versions/A/libBLAS.dylib
0x0000000005686000 	/System/Library/Frameworks/Accelerate.framework/Versions/A/Frameworks/vecLib.framework/Versions/A/libLinearAlgebra.dylib
0x0000000005686000 	/System/Library/Frameworks/ApplicationServices.framework/Versions/A/Frameworks/ATS.framework/Versions/A/Resources/libFontParser.dylib
0x0000000005686000 	/System/Library/Frameworks/ApplicationServices.framework/Versions/A/Frameworks/ATS.framework/Versions/A/Resources/libFontRegistry.dylib
0x0000000005686000 	/System/Library/PrivateFrameworks/AppleVPA.framework/Versions/A/AppleVPA
0x0000000005686000 	/System/Library/PrivateFrameworks/AppleJPEG.framework/Versions/A/AppleJPEG
0x0000000005686000 	/System/Library/Frameworks/ImageIO.framework/Versions/A/Resources/libJPEG.dylib
0x0000000005686000 	/System/Library/Frameworks/ImageIO.framework/Versions/A/Resources/libTIFF.dylib
0x0000000005686000 	/System/Library/Frameworks/ImageIO.framework/Versions/A/Resources/libPng.dylib
0x0000000005686000 	/System/Library/Frameworks/ImageIO.framework/Versions/A/Resources/libGIF.dylib
0x0000000005686000 	/System/Library/Frameworks/ImageIO.framework/Versions/A/Resources/libJP2.dylib
0x0000000005686000 	/System/Library/Frameworks/ImageIO.framework/Versions/A/Resources/libRadiance.dylib
0x0000000005686000 	/System/Library/Frameworks/CoreVideo.framework/Versions/A/CoreVideo
0x0000000005686000 	/System/Library/Frameworks/OpenGL.framework/Versions/A/Libraries/libGLU.dylib
0x0000000005686000 	/System/Library/Frameworks/OpenGL.framework/Versions/A/Libraries/libGFXShared.dylib
0x0000000005686000 	/System/Library/Frameworks/OpenGL.framework/Versions/A/Libraries/libGL.dylib
0x0000000005686000 	/System/Library/Frameworks/OpenGL.framework/Versions/A/Libraries/libGLImage.dylib
0x0000000005686000 	/System/Library/Frameworks/OpenGL.framework/Versions/A/Libraries/libCVMSPluginSupport.dylib
0x0000000005686000 	/System/Library/Frameworks/OpenGL.framework/Versions/A/Libraries/libCoreVMClient.dylib
0x0000000005686000 	/usr/lib/libcups.2.dylib
0x0000000005686000 	/System/Library/Frameworks/Kerberos.framework/Versions/A/Kerberos
0x0000000005686000 	/System/Library/Frameworks/GSS.framework/Versions/A/GSS
0x0000000005686000 	/usr/lib/libresolv.9.dylib
0x0000000005686000 	/usr/lib/libiconv.2.dylib
0x0000000005686000 	/System/Library/PrivateFrameworks/Heimdal.framework/Versions/A/Heimdal
0x0000000005686000 	/usr/lib/libheimdal-asn1.dylib
0x0000000005686000 	/System/Library/Frameworks/OpenDirectory.framework/Versions/A/OpenDirectory
0x0000000005686000 	/System/Library/PrivateFrameworks/CommonAuth.framework/Versions/A/CommonAuth
0x0000000005686000 	/System/Library/Frameworks/OpenDirectory.framework/Versions/A/Frameworks/CFOpenDirectory.framework/Versions/A/CFOpenDirectory
0x0000000005686000 	/System/Library/Frameworks/SecurityFoundation.framework/Versions/A/SecurityFoundation
0x0000000005686000 	/System/Library/PrivateFrameworks/LanguageModeling.framework/Versions/A/LanguageModeling
0x0000000005686000 	/usr/lib/libcmph.dylib
0x0000000005686000 	/System/Library/Frameworks/ServiceManagement.framework/Versions/A/ServiceManagement
0x0000000005686000 	/usr/lib/libxslt.1.dylib
0x0000000005686000 	/System/Library/Frameworks/Carbon.framework/Versions/A/Frameworks/Ink.framework/Versions/A/Ink
0x0000000005686000 	/System/Library/Frameworks/QuartzCore.framework/Versions/A/Frameworks/CoreImage.framework/Versions/A/CoreImage
0x0000000005686000 	/System/Library/PrivateFrameworks/CrashReporterSupport.framework/Versions/A/CrashReporterSupport
0x0000000005686000 	/System/Library/Frameworks/OpenCL.framework/Versions/A/OpenCL
0x0000000005686000 	/System/Library/PrivateFrameworks/FaceCore.framework/Versions/A/FaceCore
0x0000000005686000 	/System/Library/PrivateFrameworks/Ubiquity.framework/Versions/A/Ubiquity
0x0000000005686000 	/System/Library/PrivateFrameworks/IconServices.framework/Versions/A/IconServices
0x0000000005686000 	/System/Library/PrivateFrameworks/ChunkingLibrary.framework/Versions/A/ChunkingLibrary
0x0000000005686000 	/System/Library/PrivateFrameworks/Apple80211.framework/Versions/A/Apple80211
0x0000000005686000 	/System/Library/Frameworks/CoreWLAN.framework/Versions/A/CoreWLAN
0x0000000005686000 	/System/Library/Frameworks/IOBluetooth.framework/Versions/A/IOBluetooth
0x0000000005686000 	/System/Library/PrivateFrameworks/CoreWiFi.framework/Versions/A/CoreWiFi
0x0000000005686000 	/System/Library/Frameworks/CoreBluetooth.framework/Versions/A/CoreBluetooth
0x0000000005686000 	/System/Library/PrivateFrameworks/DebugSymbols.framework/Versions/A/DebugSymbols
0x0000000005686000 	/System/Library/PrivateFrameworks/CoreSymbolication.framework/Versions/A/CoreSymbolication
0x0000000005686000 	/System/Library/PrivateFrameworks/Symbolication.framework/Versions/A/Symbolication
0x0000000005686000 	/System/Library/PrivateFrameworks/SpeechRecognitionCore.framework/Versions/A/SpeechRecognitionCore
0x0000000108400000 	/Library/Java/JavaVirtualMachines/jdk1.8.0_51.jdk/Contents/Home/jre/lib/server/libjvm.dylib
0x0000000005686000 	/usr/lib/libstdc++.6.dylib
0x0000000107325000 	/Library/Java/JavaVirtualMachines/jdk1.8.0_51.jdk/Contents/Home/jre/lib/libverify.dylib
0x0000000107333000 	/Library/Java/JavaVirtualMachines/jdk1.8.0_51.jdk/Contents/Home/jre/lib/libjava.dylib
0x0000000107372000 	/Library/Java/JavaVirtualMachines/jdk1.8.0_51.jdk/Contents/Home/jre/lib/libzip.dylib
0x0000000124ec8000 	/System/Library/Frameworks/JavaVM.framework/Frameworks/JavaRuntimeSupport.framework/JavaRuntimeSupport
0x0000000124ede000 	/System/Library/Frameworks/JavaVM.framework/Versions/A/Frameworks/JavaNativeFoundation.framework/Versions/A/JavaNativeFoundation
0x00000001073f4000 	/System/Library/Frameworks/JavaVM.framework/Versions/A/JavaVM
0x0000000005686000 	/System/Library/Frameworks/Carbon.framework/Versions/A/Carbon
0x0000000124ef2000 	/System/Library/PrivateFrameworks/JavaLaunching.framework/Versions/A/JavaLaunching
0x0000000005686000 	/System/Library/Frameworks/Carbon.framework/Versions/A/Frameworks/CommonPanels.framework/Versions/A/CommonPanels
0x0000000005686000 	/System/Library/Frameworks/Carbon.framework/Versions/A/Frameworks/Help.framework/Versions/A/Help
0x0000000005686000 	/System/Library/Frameworks/Carbon.framework/Versions/A/Frameworks/ImageCapture.framework/Versions/A/ImageCapture
0x0000000005686000 	/System/Library/Frameworks/Carbon.framework/Versions/A/Frameworks/OpenScripting.framework/Versions/A/OpenScripting
0x0000000005686000 	/System/Library/Frameworks/Carbon.framework/Versions/A/Frameworks/Print.framework/Versions/A/Print
0x0000000005686000 	/System/Library/Frameworks/Carbon.framework/Versions/A/Frameworks/SecurityHI.framework/Versions/A/SecurityHI
0x0000000126f32000 	/Applications/IntelliJ IDEA CE.app/Contents/bin/libbreakgen64.jnilib
0x0000000127038000 	/Library/Java/JavaVirtualMachines/jdk1.8.0_51.jdk/Contents/Home/jre/lib/libnet.dylib
0x0000000127333000 	/Library/Java/JavaVirtualMachines/jdk1.8.0_51.jdk/Contents/Home/jre/lib/libprism_es2.dylib
0x0000000005686000 	/System/Library/Frameworks/OpenGL.framework/Versions/A/Resources/GLEngine.bundle/GLEngine
0x0000000005686000 	/System/Library/Frameworks/OpenGL.framework/Versions/A/Libraries/libGLProgrammability.dylib
0x0000000000000000 	/System/Library/Extensions/AppleIntelHD5000GraphicsGLDriver.bundle/Contents/MacOS/AppleIntelHD5000GraphicsGLDriver
0x0000000005686000 	/System/Library/PrivateFrameworks/IOAccelerator.framework/Versions/A/IOAccelerator
0x0000000005686000 	/System/Library/PrivateFrameworks/GPUSupport.framework/Versions/A/Libraries/libGPUSupportMercury.dylib
0x0000000000000000 	/System/Library/Extensions/GeForceGLDriver.bundle/Contents/MacOS/GeForceGLDriver
0x0000000005686000 	/System/Library/Extensions/GeForceGLDriver.bundle/Contents/MacOS/libclh.dylib
0x0000000005686000 	/System/Library/Frameworks/OpenGL.framework/Versions/A/Resources/GLRendererFloat.bundle/GLRendererFloat
0x0000000005686000 	/System/Library/Frameworks/OpenCL.framework/Versions/A/Libraries/libcldcpuengine.dylib
0x0000000005686000 	/System/Library/PrivateFrameworks/DiskImages.framework/Versions/A/DiskImages
0x0000000005686000 	/System/Library/Frameworks/DiscRecording.framework/Versions/A/DiscRecording
0x0000000005686000 	/usr/lib/libcsfde.dylib
0x0000000005686000 	/usr/lib/libcurl.4.dylib
0x0000000005686000 	/System/Library/PrivateFrameworks/MediaKit.framework/Versions/A/MediaKit
0x0000000005686000 	/System/Library/PrivateFrameworks/ProtectedCloudStorage.framework/Versions/A/ProtectedCloudStorage
0x0000000005686000 	/usr/lib/libCoreStorage.dylib
0x0000000005686000 	/System/Library/PrivateFrameworks/EFILogin.framework/Versions/A/EFILogin
0x0000000005686000 	/usr/lib/libutil.dylib
0x0000000005686000 	/System/Library/PrivateFrameworks/FindMyDevice.framework/Versions/A/FindMyDevice
0x0000000005686000 	/System/Library/Frameworks/LDAP.framework/Versions/A/LDAP
0x0000000005686000 	/usr/lib/libsasl2.2.dylib
0x0000000005686000 	/System/Library/PrivateFrameworks/CoreDaemon.framework/Versions/B/CoreDaemon
0x0000000005686000 	/usr/lib/libcrypto.0.9.8.dylib
0x0000000005686000 	/System/Library/PrivateFrameworks/AppleSRP.framework/Versions/A/AppleSRP
0x0000000005686000 	/System/Library/PrivateFrameworks/TrustEvaluationAgent.framework/Versions/A/TrustEvaluationAgent
0x0000000127a20000 	/Library/Java/JavaVirtualMachines/jdk1.8.0_51.jdk/Contents/Home/jre/lib/libglass.dylib
0x0000000005686000 	/System/Library/PrivateFrameworks/CoreServicesInternal.framework/Versions/A/CoreServicesInternal
0x0000000005686000 	/System/Library/PrivateFrameworks/CloudDocs.framework/Versions/A/CloudDocs
0x0000000005686000 	/System/Library/PrivateFrameworks/CoreDuet.framework/Versions/A/CoreDuet
0x0000000005686000 	/System/Library/Frameworks/CloudKit.framework/Versions/A/CloudKit
0x0000000005686000 	/System/Library/PrivateFrameworks/ProtocolBuffer.framework/Versions/A/ProtocolBuffer
0x0000000005686000 	/System/Library/PrivateFrameworks/CoreDuetDaemonProtocol.framework/Versions/A/CoreDuetDaemonProtocol
0x0000000005686000 	/System/Library/PrivateFrameworks/CoreDuetDebugLogging.framework/Versions/A/CoreDuetDebugLogging
0x0000000005686000 	/System/Library/Frameworks/CoreLocation.framework/Versions/A/CoreLocation
0x0000000005686000 	/System/Library/Frameworks/Accounts.framework/Versions/A/Accounts
0x0000000005686000 	/System/Library/PrivateFrameworks/ApplePushService.framework/Versions/A/ApplePushService
0x0000000005686000 	/System/Library/PrivateFrameworks/GeoServices.framework/Versions/A/GeoServices
0x0000000005686000 	/System/Library/PrivateFrameworks/OAuth.framework/Versions/A/OAuth
0x0000000005686000 	/System/Library/Frameworks/CoreGraphics.framework/Versions/A/Resources/libCGCMS.A.dylib
0x0000000005686000 	/System/Library/CoreServices/RawCamera.bundle/Contents/MacOS/RawCamera
0x0000000005686000 	/System/Library/Frameworks/CoreGraphics.framework/Versions/A/Resources/libRIP.A.dylib
0x0000000005686000 	/System/Library/PrivateFrameworks/FamilyControls.framework/Versions/A/FamilyControls
0x0000000005686000 	/System/Library/PrivateFrameworks/CommerceKit.framework/Versions/A/Frameworks/CommerceCore.framework/Versions/A/CommerceCore
0x0000000005686000 	/System/Library/PrivateFrameworks/SystemAdministration.framework/Versions/A/SystemAdministration
0x0000000005686000 	/System/Library/PrivateFrameworks/AppContainer.framework/Versions/A/AppContainer
0x0000000005686000 	/System/Library/PrivateFrameworks/SecCodeWrapper.framework/Versions/A/SecCodeWrapper
0x0000000005686000 	/System/Library/Frameworks/DirectoryService.framework/Versions/A/DirectoryService
0x0000000005686000 	/System/Library/PrivateFrameworks/LoginUIKit.framework/Versions/A/Frameworks/LoginUICore.framework/Versions/A/LoginUICore
0x0000000005686000 	/usr/lib/libodfde.dylib
0x000000012b47d000 	/Library/Java/JavaVirtualMachines/jdk1.8.0_51.jdk/Contents/Home/jre/lib/libjavafx_font.dylib
0x0000000005686000 	/System/Library/Frameworks/CoreGraphics.framework/Versions/A/Resources/libCGXType.A.dylib
0x000000012dcfa000 	/Library/Java/JavaVirtualMachines/jdk1.8.0_51.jdk/Contents/Home/jre/lib/libprism_common.dylib
0x000000012f9af000 	cl_kernels
0x000000012f9b1000 	/System/Library/Frameworks/OpenCL.framework/Versions/A/Libraries/ImageFormats/unorm8_bgra.dylib
0x000000012f9a0000 	cl_kernels
0x0000000130afa000 	/Library/Java/JavaVirtualMachines/jdk1.8.0_51.jdk/Contents/Home/jre/lib/libnio.dylib

VM Arguments:
jvm_args: -Didea.launcher.port=7537 -Didea.launcher.bin.path=/Applications/IntelliJ IDEA CE.app/Contents/bin -Dfile.encoding=UTF-8 
java_command: com.intellij.rt.execution.application.AppMain BuzzWord
java_class_path (initial): /Library/Java/JavaVirtualMachines/jdk1.8.0_51.jdk/Contents/Home/jre/lib/charsets.jar:/Library/Java/JavaVirtualMachines/jdk1.8.0_51.jdk/Contents/Home/jre/lib/deploy.jar:/Library/Java/JavaVirtualMachines/jdk1.8.0_51.jdk/Contents/Home/jre/lib/ext/cldrdata.jar:/Library/Java/JavaVirtualMachines/jdk1.8.0_51.jdk/Contents/Home/jre/lib/ext/dnsns.jar:/Library/Java/JavaVirtualMachines/jdk1.8.0_51.jdk/Contents/Home/jre/lib/ext/jfxrt.jar:/Library/Java/JavaVirtualMachines/jdk1.8.0_51.jdk/Contents/Home/jre/lib/ext/localedata.jar:/Library/Java/JavaVirtualMachines/jdk1.8.0_51.jdk/Contents/Home/jre/lib/ext/nashorn.jar:/Library/Java/JavaVirtualMachines/jdk1.8.0_51.jdk/Contents/Home/jre/lib/ext/sunec.jar:/Library/Java/JavaVirtualMachines/jdk1.8.0_51.jdk/Contents/Home/jre/lib/ext/sunjce_provider.jar:/Library/Java/JavaVirtualMachines/jdk1.8.0_51.jdk/Contents/Home/jre/lib/ext/sunpkcs11.jar:/Library/Java/JavaVirtualMachines/jdk1.8.0_51.jdk/Contents/Home/jre/lib/ext/zipfs.jar:/Library/Java/JavaVirtualMachines/jdk1.8.0_51.jdk/Contents/Home/jre/lib/javaws.jar:/Library/Java/JavaVirtualMachines/jdk1.8.0_51.jdk/Contents/Home/jre/lib/jce.jar:/Library/Java/JavaVirtualMachines/jdk1.8.0_51.jdk/Contents/Home/jre/lib/jfr.jar:/Library/Java/JavaVirtualMachines/jdk1.8.0_51.jdk/Contents/Home/jre/lib/jfxswt.jar:/Library/Java/JavaVirtualMachines/jdk1.8.0_51.jdk/Contents/Home/jre/lib/jsse.jar:/Library/Java/JavaVirtualMachines/jdk1.8.0_51.jdk/Contents/Home/jre/lib/management-agent.jar:/Library/Java/JavaVirtualMachines/jdk1.8.0_51.jdk/Contents/Home/jre/lib/plugin.jar:/Library/Java/JavaVirtualMachines/jdk1.8.0_51.jdk/Contents/Home/jre/lib/resources.jar:/Library/Java/JavaVirtualMachines/jdk1.8.0_51.jdk/Contents/Home/jre/lib/rt.jar:/Library/Java/JavaVirtualMachines/jdk1.8.0_51.jdk/Contents/Home/lib/ant-javafx.jar:/Library/Java/JavaVirtualMachines/jdk1.8.0_51.jdk/Contents/Home/lib/dt.jar:/Library/Java/JavaVirtualMachines/jdk1.8.0_51.jdk/Contents/Home/lib/javafx-mx.jar:/Library/Java/Jav
Launcher Type: SUN_STANDARD

Environment Variables:
PATH=/usr/local/bin:/usr/bin:/bin:/usr/sbin:/sbin:/usr/local/git/bin
SHELL=/bin/bash

Signal Handlers:
SIGSEGV: [libjvm.dylib+0x58ef35], sa_mask[0]=11111111011111110111111111111111, sa_flags=SA_ONSTACK|SA_RESTART|SA_SIGINFO
SIGBUS: [libjvm.dylib+0x58ef35], sa_mask[0]=11111111011111110111111111111111, sa_flags=SA_RESTART|SA_SIGINFO
SIGFPE: [libjvm.dylib+0x46c028], sa_mask[0]=11111111011111110111111111111111, sa_flags=SA_RESTART|SA_SIGINFO
SIGPIPE: [libjvm.dylib+0x46c028], sa_mask[0]=11111111011111110111111111111111, sa_flags=SA_RESTART|SA_SIGINFO
SIGXFSZ: [libjvm.dylib+0x46c028], sa_mask[0]=11111111011111110111111111111111, sa_flags=SA_RESTART|SA_SIGINFO
SIGILL: [libjvm.dylib+0x46c028], sa_mask[0]=11111111011111110111111111111111, sa_flags=SA_RESTART|SA_SIGINFO
SIGUSR1: SIG_DFL, sa_mask[0]=00000000000000000000000000000000, sa_flags=none
SIGUSR2: [libjvm.dylib+0x46bb46], sa_mask[0]=00100000000000000000000000000000, sa_flags=SA_RESTART|SA_SIGINFO
SIGHUP: [libjvm.dylib+0x46a119], sa_mask[0]=11111111011111110111111111111111, sa_flags=SA_RESTART|SA_SIGINFO
SIGINT: [libjvm.dylib+0x46a119], sa_mask[0]=11111111011111110111111111111111, sa_flags=SA_RESTART|SA_SIGINFO
SIGTERM: [libjvm.dylib+0x46a119], sa_mask[0]=11111111011111110111111111111111, sa_flags=SA_RESTART|SA_SIGINFO
SIGQUIT: [libjvm.dylib+0x46a119], sa_mask[0]=11111111011111110111111111111111, sa_flags=SA_RESTART|SA_SIGINFO


---------------  S Y S T E M  ---------------

OS:Bsduname:Darwin 14.1.0 Darwin Kernel Version 14.1.0: Mon Dec 22 23:10:38 PST 2014; root:xnu-2782.10.72~2/RELEASE_X86_64 x86_64
rlimit: STACK 8192k, CORE 0k, NPROC 709, NOFILE 10240, AS infinity
load average:33.05 31.36 24.70

CPU:total 8 (4 cores per cpu, 2 threads per core) family 6 model 70 stepping 1, cmov, cx8, fxsr, mmx, sse, sse2, sse3, ssse3, sse4.1, sse4.2, popcnt, avx, avx2, aes, clmul, erms, rtm, lzcnt, ht, tsc, tscinvbit, bmi1, bmi2

Memory: 4k page, physical 16777216k(26172k free)

/proc/meminfo:


vm_info: Java HotSpot(TM) 64-Bit Server VM (25.51-b03) for bsd-amd64 JRE (1.8.0_51-b16), built on Jun  8 2015 18:01:11 by "java_re" with gcc 4.2.1 (Based on Apple Inc. build 5658) (LLVM build 2336.11.00)

time: Sun Jan  8 19:59:10 2017
elapsed time: 1698 seconds (0d 0h 28m 18s)

