#
# A fatal error has been detected by the Java Runtime Environment:
#
#  SIGSEGV (0xb) at pc=0x00000001288ac5dd, pid=68943, tid=1811
#
# JRE version: Java(TM) SE Runtime Environment (8.0_51-b16) (build 1.8.0_51-b16)
# Java VM: Java HotSpot(TM) 64-Bit Server VM (25.51-b03 mixed mode bsd-amd64 compressed oops)
# Problematic frame:
# C  [libglass.dylib+0x155dd]  GlassScreenDidChangeScreenParameters+0x9d
#
# Failed to write core dump. Core dumps have been disabled. To enable core dumping, try "ulimit -c unlimited" before starting Java again
#
# If you would like to submit a bug report, please visit:
#   http://bugreport.java.com/bugreport/crash.jsp
#

---------------  T H R E A D  ---------------

Current thread is native thread

siginfo: si_signo: 11 (SIGSEGV), si_code: 1 (SEGV_MAPERR), si_addr: 0x0000000000000000

Registers:
RAX=0x00000001288debc0, RBX=0x0000000000000000, RCX=0xe90010467ea1af53, RDX=0x00007ff80054a070
RSP=0x00007fff57c79820, RBP=0x00007fff57c79830, RSI=0x00007ff8029024f8, RDI=0x0000000000000000
R8 =0x00007fff57c796d0, R9 =0x00007fff77bfe300, R10=0x0000000000000000, R11=0x0000000000000246
R12=0x00007ff802907910, R13=0x00000000000f4268, R14=0x00007ff800549f80, R15=0x00007fff57c79970
RIP=0x00000001288ac5dd, EFLAGS=0x0000000000010202, ERR=0x0000000000000004
  TRAPNO=0x000000000000000e

Top of Stack: (sp=0x00007fff57c79820)
0x00007fff57c79820:   00007fff57c79a00 00007ff800549f80
0x00007fff57c79830:   00007fff57c79840 00007fff8a6a1cdc
0x00007fff57c79840:   00007fff57c79ba0 00007fff8a593244
0x00007fff57c79850:   0000000000000000 0000000000001400
0x00007fff57c79860:   00007fff57c798a0 00007fff94e2db4e
0x00007fff57c79870:   0000000000001002 0000000000000d50
0x00007fff57c79880:   00169e0000169e00 00007ff800549f80
0x00007fff57c79890:   0000000000000000 00007fff57c79970
0x00007fff57c798a0:   0000000000000000 00007ff800549f40
0x00007fff57c798b0:   00007fff57c799f0 000000000000008e
0x00007fff57c798c0:   00000000000f44bb 00007ff8007bd5b0
0x00007fff57c798d0:   00007ff802940170 00007ff802907910
0x00007fff57c798e0:   0000000000000001 00000000000f4268
0x00007fff57c798f0:   00007ff802907900 00007fff8be32acb
0x00007fff57c79900:   0000000000000001 0000000000000001
0x00007fff57c79910:   0000000000000030 0000000000000001
0x00007fff57c79920:   00007fff57c79940 00007fff8be38231
0x00007fff57c79930:   00007fff7628cdd0 0000000000000000
0x00007fff57c79940:   00007fff57c79960 0000000000000005
0x00007fff57c79950:   000ba10300000000 00007ff802907934
0x00007fff57c79960:   0000000000000000 00007fff8a588d1f
0x00007fff57c79970:   00007ff800549f80 00007fff7628cdd0
0x00007fff57c79980:   00007fff57c79a00 00007fff8a59184f
0x00007fff57c79990:   00007fff57c79a04 0000000000523601
0x00007fff57c799a0:   0000000107fa1a00 0000000000000002
0x00007fff57c799b0:   0000000107f9e000 00007ff8007bc4e2
0x00007fff57c799c0:   0000000000000003 0000000107fa2e00
0x00007fff57c799d0:   00007fff57c79ac0 00007fff8be312a2
0x00007fff57c799e0:   00007ff80061df20 00007fff57c79ba8
0x00007fff57c799f0:   0000000000000017 0000000000000000
0x00007fff57c79a00:   00000000000f4268 00007fff8a589013
0x00007fff57c79a10:   00007fff00000000 00007ff8029441b0 

Instructions: (pc=0x00000001288ac5dd)
0x00000001288ac5bd:   89 df 4c 89 f1 41 ff 90 68 04 00 00 48 8d 05 f8
0x00000001288ac5cd:   24 03 00 48 8b 30 48 8d 05 e6 25 03 00 48 8b 10
0x00000001288ac5dd:   48 8b 0b 30 c0 48 89 df ff 91 68 04 00 00 48 8b
0x00000001288ac5ed:   03 48 89 df ff 50 78 48 85 c0 74 36 49 89 c6 48 

Register to memory mapping:

RAX=0x00000001288debc0: jScreenNotifySettingsChanged+0 in /Library/Java/JavaVirtualMachines/jdk1.8.0_51.jdk/Contents/Home/jre/lib/libglass.dylib at 0x0000000128897000
RBX=0x0000000000000000 is an unknown value
RCX=0xe90010467ea1af53 is an unknown value
RDX=0x00007ff80054a070 is an unknown value
RSP=0x00007fff57c79820 is an unknown value
RBP=0x00007fff57c79830 is an unknown value
RSI=0x00007ff8029024f8 is a global jni handle
RDI=0x0000000000000000 is an unknown value
R8 =0x00007fff57c796d0 is an unknown value
R9 =0x00007fff77bfe300: _thread+0 in /usr/lib/system/libsystem_pthread.dylib at 0x00007fff94e2c000
R10=0x0000000000000000 is an unknown value
R11=0x0000000000000246 is an unknown value
R12=0x00007ff802907910 is an unknown value
R13=0x00000000000f4268 is an unknown value
R14=0x00007ff800549f80 is an unknown value
R15=0x00007fff57c79970 is an unknown value


Stack: [0x00007fff5747d000,0x00007fff57c7d000],  sp=0x00007fff57c79820,  free space=8178k
Native frames: (J=compiled Java code, j=interpreted, Vv=VM code, C=native code)
C  [libglass.dylib+0x155dd]  GlassScreenDidChangeScreenParameters+0x9d
C  [CoreFoundation+0x11ecdc]  __CFNOTIFICATIONCENTER_IS_CALLING_OUT_TO_AN_OBSERVER__+0xc
C  [CoreFoundation+0x10244]  _CFXNotificationPost+0xc44
C  [Foundation+0x2c31]  -[NSNotificationCenter postNotificationName:object:userInfo:]+0x42
C  [AppKit+0x36305e]  -[NSApplication _reactToScreenInvalidationImmediately:]+0x17b
C  [AppKit+0x362e9d]  __44-[NSApplication _reactToScreenInvalidation:]_block_invoke+0x4b
C  [CoreFoundation+0x8056c]  __CFRUNLOOP_IS_CALLING_OUT_TO_A_BLOCK__+0xc
C  [CoreFoundation+0x72675]  __CFRunLoopDoBlocks+0x155
C  [CoreFoundation+0x721b6]  __CFRunLoopRun+0x716
C  [CoreFoundation+0x71858]  CFRunLoopRunSpecific+0x128
C  [java+0x6463]  CreateExecutionEnvironment+0x367
C  [java+0x21ac]  JLI_Launch+0x7a0
C  [java+0x84c0]  main+0x65
C  [java+0x1a04]  start+0x34


---------------  P R O C E S S  ---------------

VM state:not at safepoint (normal execution)

VM Mutex/Monitor currently owned by a thread: None

Heap:
 PSYoungGen      total 76288K, used 58917K [0x000000076ab00000, 0x0000000770000000, 0x00000007c0000000)
  eden space 65536K, 89% used [0x000000076ab00000,0x000000076e489748,0x000000076eb00000)
  from space 10752K, 0% used [0x000000076f580000,0x000000076f580000,0x0000000770000000)
  to   space 10752K, 0% used [0x000000076eb00000,0x000000076eb00000,0x000000076f580000)
 ParOldGen       total 175104K, used 0K [0x00000006c0000000, 0x00000006cab00000, 0x000000076ab00000)
  object space 175104K, 0% used [0x00000006c0000000,0x00000006c0000000,0x00000006cab00000)
 Metaspace       used 17218K, capacity 18130K, committed 18176K, reserved 1064960K
  class space    used 2344K, capacity 2545K, committed 2560K, reserved 1048576K

Card table byte_map: [0x00000001195c0000,0x0000000119dc1000] byte_map_base: 0x0000000115fc0000

Marking Bits: (ParMarkBitMap*) 0x00000001089447a0
 Begin Bits: [0x000000011ab2f000, 0x000000011eb2f000)
 End Bits:   [0x000000011eb2f000, 0x0000000122b2f000)

Polling page: 0x0000000109131000

CodeCache: size=245760Kb used=9021Kb max_used=9021Kb free=236739Kb
 bounds [0x000000010a200000, 0x000000010aae0000, 0x0000000119200000]
 total_blobs=3500 nmethods=2825 adapters=588
 compilation: enabled

Compilation events (10 events):
Event: 20.224 Thread 0x00007ff80180f000 2821       3       com.sun.javafx.geom.transform.Affine3D::restoreTransform (75 bytes)
Event: 20.224 Thread 0x00007ff80180f000 nmethod 2821 0x000000010aacc190 code [0x000000010aacc300, 0x000000010aacc4e8]
Event: 20.265 Thread 0x00007ff80180f000 2822       3       javafx.scene.Scene$ClickGenerator::preProcess (290 bytes)
Event: 20.268 Thread 0x00007ff80180f000 nmethod 2822 0x000000010aacc610 code [0x000000010aacca00, 0x000000010aacf998]
Event: 20.268 Thread 0x00007ff80180f000 2823       3       javafx.scene.Scene$ClickGenerator::postProcess (258 bytes)
Event: 20.269 Thread 0x00007ff80180f000 nmethod 2823 0x000000010aad0990 code [0x000000010aad0c80, 0x000000010aad2898]
Event: 20.316 Thread 0x00007ff80180f000 2824       3       java.util.EnumMap::isValidKey (36 bytes)
Event: 20.316 Thread 0x00007ff80180f000 nmethod 2824 0x000000010aad32d0 code [0x000000010aad3440, 0x000000010aad37e8]
Event: 21.115 Thread 0x00007ff80180f000 2825       3       java.util.concurrent.locks.ReentrantLock$Sync::nonfairTryAcquire (67 bytes)
Event: 21.116 Thread 0x00007ff80180f000 nmethod 2825 0x000000010aad38d0 code [0x000000010aad3a80, 0x000000010aad41a8]

GC Heap History (0 events):
No events

Deoptimization events (10 events):
Event: 13.218 Thread 0x00007ff80104c000 Uncommon trap: reason=class_check action=maybe_recompile pc=0x000000010a6db394 method=javafx.scene.CssStyleHelper.getStyle(Ljavafx/css/Styleable;Ljava/lang/String;Lcom/sun/javafx/css/StyleMap;Ljava/util/Set;)Lcom/sun/javafx/css/CascadingStyle; @ 140
Event: 13.218 Thread 0x00007ff80104c000 Uncommon trap: reason=class_check action=maybe_recompile pc=0x000000010a6db394 method=javafx.scene.CssStyleHelper.getStyle(Ljavafx/css/Styleable;Ljava/lang/String;Lcom/sun/javafx/css/StyleMap;Ljava/util/Set;)Lcom/sun/javafx/css/CascadingStyle; @ 140
Event: 13.226 Thread 0x00007ff80104c000 Uncommon trap: reason=class_check action=maybe_recompile pc=0x000000010a6e2cdc method=com.sun.javafx.css.StyleMap.getCascadingStyles()Ljava/util/Map; @ 77
Event: 13.226 Thread 0x00007ff80104c000 Uncommon trap: reason=class_check action=maybe_recompile pc=0x000000010a6db394 method=javafx.scene.CssStyleHelper.getStyle(Ljavafx/css/Styleable;Ljava/lang/String;Lcom/sun/javafx/css/StyleMap;Ljava/util/Set;)Lcom/sun/javafx/css/CascadingStyle; @ 140
Event: 13.227 Thread 0x00007ff80104c000 Uncommon trap: reason=class_check action=maybe_recompile pc=0x000000010a6e2cdc method=com.sun.javafx.css.StyleMap.getCascadingStyles()Ljava/util/Map; @ 77
Event: 13.442 Thread 0x00007ff80104c000 Uncommon trap: reason=class_check action=maybe_recompile pc=0x000000010a84213c method=javafx.scene.Node.updateLocalToParentTransform()V @ 11
Event: 13.442 Thread 0x00007ff80104c000 Uncommon trap: reason=class_check action=maybe_recompile pc=0x000000010a84213c method=javafx.scene.Node.updateLocalToParentTransform()V @ 11
Event: 13.442 Thread 0x00007ff80104c000 Uncommon trap: reason=class_check action=maybe_recompile pc=0x000000010a84213c method=javafx.scene.Node.updateLocalToParentTransform()V @ 11
Event: 13.442 Thread 0x00007ff80104c000 Uncommon trap: reason=class_check action=maybe_recompile pc=0x000000010a84213c method=javafx.scene.Node.updateLocalToParentTransform()V @ 11
Event: 16.251 Thread 0x00007ff803a1d800 Uncommon trap: reason=predicate action=maybe_recompile pc=0x000000010a9df6b4 method=Game.run()V @ 114

Internal exceptions (10 events):
Event: 0.466 Thread 0x00007ff80080d800 Exception <a 'java/lang/NoSuchFieldError': method resolution failed> (0x000000076b0d2720) thrown at [/Users/java_re/workspace/8-2-build-macosx-x86_64/jdk8u51/3951/hotspot/src/share/vm/prims/methodHandles.cpp, line 1125]
Event: 0.470 Thread 0x00007ff80080d800 Exception <a 'java/lang/NoSuchFieldError': method resolution failed> (0x000000076b0e0df0) thrown at [/Users/java_re/workspace/8-2-build-macosx-x86_64/jdk8u51/3951/hotspot/src/share/vm/prims/methodHandles.cpp, line 1125]
Event: 0.499 Thread 0x00007ff803870800 Exception <a 'java/security/PrivilegedActionException'> (0x000000076b181448) thrown at [/Users/java_re/workspace/8-2-build-macosx-x86_64/jdk8u51/3951/hotspot/src/share/vm/prims/jvm.cpp, line 1382]
Event: 0.499 Thread 0x00007ff803870800 Exception <a 'java/security/PrivilegedActionException'> (0x000000076b181600) thrown at [/Users/java_re/workspace/8-2-build-macosx-x86_64/jdk8u51/3951/hotspot/src/share/vm/prims/jvm.cpp, line 1382]
Event: 0.499 Thread 0x00007ff803870800 Exception <a 'java/security/PrivilegedActionException'> (0x000000076b1847f0) thrown at [/Users/java_re/workspace/8-2-build-macosx-x86_64/jdk8u51/3951/hotspot/src/share/vm/prims/jvm.cpp, line 1382]
Event: 0.499 Thread 0x00007ff803870800 Exception <a 'java/security/PrivilegedActionException'> (0x000000076b1849a8) thrown at [/Users/java_re/workspace/8-2-build-macosx-x86_64/jdk8u51/3951/hotspot/src/share/vm/prims/jvm.cpp, line 1382]
Event: 0.499 Thread 0x00007ff803870800 Exception <a 'java/lang/NullPointerException'> (0x000000076b185140) thrown at [/Users/java_re/workspace/8-2-build-macosx-x86_64/jdk8u51/3951/hotspot/src/share/vm/interpreter/linkResolver.cpp, line 1178]
Event: 1.059 Thread 0x00007ff80104c000 Exception <a 'java/lang/NullPointerException'> (0x000000076bb82528) thrown at [/Users/java_re/workspace/8-2-build-macosx-x86_64/jdk8u51/3951/hotspot/src/share/vm/interpreter/linkResolver.cpp, line 1178]
Event: 1.059 Thread 0x00007ff80104c000 Exception <a 'java/lang/NullPointerException'> (0x000000076bb82528) thrown at [/Users/java_re/workspace/8-2-build-macosx-x86_64/jdk8u51/3951/hotspot/src/share/vm/prims/jvm.cpp, line 1386]
Event: 1.388 Thread 0x00007ff80104c000 Implicit null exception at 0x000000010a46c9f5 to 0x000000010a46cbed

Events (10 events):
Event: 21.112 loading class javafx/application/Application done
Event: 21.115 loading class com/sun/javafx/tk/quantum/QuantumRenderer
Event: 21.115 loading class com/sun/javafx/tk/quantum/QuantumRenderer done
Event: 21.115 loading class com/sun/javafx/tk/quantum/QuantumToolkit
Event: 21.115 loading class com/sun/javafx/tk/quantum/QuantumToolkit done
Event: 21.116 Thread 0x00007ff803023000 Thread exited: 0x00007ff803023000
Event: 21.116 Thread 0x00007ff803870800 Thread exited: 0x00007ff803870800
Event: 21.116 Thread 0x00007ff80080d800 Thread exited: 0x00007ff80080d800
Event: 21.116 Thread 0x00007ff804220800 Thread added: 0x00007ff804220800
Event: 21.116 Thread 0x00007ff80104c000 Thread exited: 0x00007ff80104c000


Dynamic libraries:
0x0000000005686000 	/System/Library/Frameworks/Cocoa.framework/Versions/A/Cocoa
0x0000000005686000 	/System/Library/Frameworks/Security.framework/Versions/A/Security
0x0000000005686000 	/System/Library/Frameworks/ApplicationServices.framework/Versions/A/ApplicationServices
0x0000000005686000 	/usr/lib/libz.1.dylib
0x0000000005686000 	/usr/lib/libSystem.B.dylib
0x0000000005686000 	/usr/lib/libobjc.A.dylib
0x0000000005686000 	/System/Library/Frameworks/CoreFoundation.framework/Versions/A/CoreFoundation
0x0000000005686000 	/System/Library/Frameworks/Foundation.framework/Versions/C/Foundation
0x0000000005686000 	/System/Library/Frameworks/AppKit.framework/Versions/C/AppKit
0x0000000005686000 	/System/Library/Frameworks/CoreData.framework/Versions/A/CoreData
0x0000000005686000 	/System/Library/PrivateFrameworks/RemoteViewServices.framework/Versions/A/RemoteViewServices
0x0000000005686000 	/System/Library/PrivateFrameworks/UIFoundation.framework/Versions/A/UIFoundation
0x0000000005686000 	/System/Library/Frameworks/IOSurface.framework/Versions/A/IOSurface
0x0000000005686000 	/System/Library/Frameworks/AudioToolbox.framework/Versions/A/AudioToolbox
0x0000000005686000 	/System/Library/Frameworks/AudioUnit.framework/Versions/A/AudioUnit
0x0000000005686000 	/System/Library/PrivateFrameworks/DataDetectorsCore.framework/Versions/A/DataDetectorsCore
0x0000000005686000 	/System/Library/PrivateFrameworks/DesktopServicesPriv.framework/Versions/A/DesktopServicesPriv
0x0000000005686000 	/System/Library/Frameworks/Carbon.framework/Versions/A/Frameworks/HIToolbox.framework/Versions/A/HIToolbox
0x0000000005686000 	/System/Library/Frameworks/QuartzCore.framework/Versions/A/QuartzCore
0x0000000005686000 	/System/Library/Frameworks/Carbon.framework/Versions/A/Frameworks/SpeechRecognition.framework/Versions/A/SpeechRecognition
0x0000000005686000 	/usr/lib/libauto.dylib
0x0000000005686000 	/usr/lib/libicucore.A.dylib
0x0000000005686000 	/usr/lib/libxml2.2.dylib
0x0000000005686000 	/System/Library/PrivateFrameworks/CoreUI.framework/Versions/A/CoreUI
0x0000000005686000 	/System/Library/Frameworks/CoreAudio.framework/Versions/A/CoreAudio
0x0000000005686000 	/System/Library/Frameworks/DiskArbitration.framework/Versions/A/DiskArbitration
0x0000000005686000 	/usr/lib/liblangid.dylib
0x0000000005686000 	/System/Library/PrivateFrameworks/MultitouchSupport.framework/Versions/A/MultitouchSupport
0x0000000005686000 	/System/Library/Frameworks/IOKit.framework/Versions/A/IOKit
0x0000000005686000 	/usr/lib/libDiagnosticMessagesClient.dylib
0x0000000005686000 	/System/Library/Frameworks/CoreServices.framework/Versions/A/CoreServices
0x0000000005686000 	/System/Library/PrivateFrameworks/PerformanceAnalysis.framework/Versions/A/PerformanceAnalysis
0x0000000005686000 	/System/Library/PrivateFrameworks/GenerationalStorage.framework/Versions/A/GenerationalStorage
0x0000000005686000 	/System/Library/Frameworks/OpenGL.framework/Versions/A/OpenGL
0x0000000005686000 	/System/Library/PrivateFrameworks/Sharing.framework/Versions/A/Sharing
0x0000000005686000 	/System/Library/Frameworks/CoreGraphics.framework/Versions/A/CoreGraphics
0x0000000005686000 	/System/Library/Frameworks/CoreText.framework/Versions/A/CoreText
0x0000000005686000 	/System/Library/Frameworks/ImageIO.framework/Versions/A/ImageIO
0x0000000005686000 	/usr/lib/libextension.dylib
0x0000000005686000 	/System/Library/PrivateFrameworks/Backup.framework/Versions/A/Backup
0x0000000005686000 	/usr/lib/libarchive.2.dylib
0x0000000005686000 	/System/Library/Frameworks/CFNetwork.framework/Versions/A/CFNetwork
0x0000000005686000 	/System/Library/Frameworks/SystemConfiguration.framework/Versions/A/SystemConfiguration
0x0000000005686000 	/usr/lib/libCRFSuite.dylib
0x0000000005686000 	/usr/lib/libc++.1.dylib
0x0000000005686000 	/usr/lib/libc++abi.dylib
0x0000000005686000 	/usr/lib/system/libcache.dylib
0x0000000005686000 	/usr/lib/system/libcommonCrypto.dylib
0x0000000005686000 	/usr/lib/system/libcompiler_rt.dylib
0x0000000005686000 	/usr/lib/system/libcopyfile.dylib
0x0000000005686000 	/usr/lib/system/libcorecrypto.dylib
0x0000000005686000 	/usr/lib/system/libdispatch.dylib
0x0000000005686000 	/usr/lib/system/libdyld.dylib
0x0000000005686000 	/usr/lib/system/libkeymgr.dylib
0x0000000005686000 	/usr/lib/system/liblaunch.dylib
0x0000000005686000 	/usr/lib/system/libmacho.dylib
0x0000000005686000 	/usr/lib/system/libquarantine.dylib
0x0000000005686000 	/usr/lib/system/libremovefile.dylib
0x0000000005686000 	/usr/lib/system/libsystem_asl.dylib
0x0000000005686000 	/usr/lib/system/libsystem_blocks.dylib
0x0000000005686000 	/usr/lib/system/libsystem_c.dylib
0x0000000005686000 	/usr/lib/system/libsystem_configuration.dylib
0x0000000005686000 	/usr/lib/system/libsystem_coreservices.dylib
0x0000000005686000 	/usr/lib/system/libsystem_coretls.dylib
0x0000000005686000 	/usr/lib/system/libsystem_dnssd.dylib
0x0000000005686000 	/usr/lib/system/libsystem_info.dylib
0x0000000005686000 	/usr/lib/system/libsystem_kernel.dylib
0x0000000005686000 	/usr/lib/system/libsystem_m.dylib
0x0000000005686000 	/usr/lib/system/libsystem_malloc.dylib
0x0000000005686000 	/usr/lib/system/libsystem_network.dylib
0x0000000005686000 	/usr/lib/system/libsystem_networkextension.dylib
0x0000000005686000 	/usr/lib/system/libsystem_notify.dylib
0x0000000005686000 	/usr/lib/system/libsystem_platform.dylib
0x0000000005686000 	/usr/lib/system/libsystem_pthread.dylib
0x0000000005686000 	/usr/lib/system/libsystem_sandbox.dylib
0x0000000005686000 	/usr/lib/system/libsystem_secinit.dylib
0x0000000005686000 	/usr/lib/system/libsystem_stats.dylib
0x0000000005686000 	/usr/lib/system/libsystem_trace.dylib
0x0000000005686000 	/usr/lib/system/libunc.dylib
0x0000000005686000 	/usr/lib/system/libunwind.dylib
0x0000000005686000 	/usr/lib/system/libxpc.dylib
0x0000000005686000 	/usr/lib/libbz2.1.0.dylib
0x0000000005686000 	/usr/lib/liblzma.5.dylib
0x0000000005686000 	/usr/lib/libbsm.0.dylib
0x0000000005686000 	/usr/lib/libsqlite3.dylib
0x0000000005686000 	/usr/lib/system/libkxld.dylib
0x0000000005686000 	/usr/lib/libxar.1.dylib
0x0000000005686000 	/usr/lib/libpam.2.dylib
0x0000000005686000 	/usr/lib/libOpenScriptingUtil.dylib
0x0000000005686000 	/System/Library/Frameworks/CoreServices.framework/Versions/A/Frameworks/FSEvents.framework/Versions/A/FSEvents
0x0000000005686000 	/System/Library/Frameworks/CoreServices.framework/Versions/A/Frameworks/CarbonCore.framework/Versions/A/CarbonCore
0x0000000005686000 	/System/Library/Frameworks/CoreServices.framework/Versions/A/Frameworks/Metadata.framework/Versions/A/Metadata
0x0000000005686000 	/System/Library/Frameworks/CoreServices.framework/Versions/A/Frameworks/OSServices.framework/Versions/A/OSServices
0x0000000005686000 	/System/Library/Frameworks/CoreServices.framework/Versions/A/Frameworks/SearchKit.framework/Versions/A/SearchKit
0x0000000005686000 	/System/Library/Frameworks/CoreServices.framework/Versions/A/Frameworks/AE.framework/Versions/A/AE
0x0000000005686000 	/System/Library/Frameworks/CoreServices.framework/Versions/A/Frameworks/LaunchServices.framework/Versions/A/LaunchServices
0x0000000005686000 	/System/Library/Frameworks/CoreServices.framework/Versions/A/Frameworks/DictionaryServices.framework/Versions/A/DictionaryServices
0x0000000005686000 	/System/Library/Frameworks/NetFS.framework/Versions/A/NetFS
0x0000000005686000 	/System/Library/PrivateFrameworks/NetAuth.framework/Versions/A/NetAuth
0x0000000005686000 	/System/Library/PrivateFrameworks/login.framework/Versions/A/Frameworks/loginsupport.framework/Versions/A/loginsupport
0x0000000005686000 	/System/Library/PrivateFrameworks/TCC.framework/Versions/A/TCC
0x0000000005686000 	/usr/lib/libmecabra.dylib
0x0000000005686000 	/System/Library/Frameworks/ApplicationServices.framework/Versions/A/Frameworks/ATS.framework/Versions/A/ATS
0x0000000005686000 	/System/Library/Frameworks/ApplicationServices.framework/Versions/A/Frameworks/ColorSync.framework/Versions/A/ColorSync
0x0000000005686000 	/System/Library/Frameworks/ApplicationServices.framework/Versions/A/Frameworks/HIServices.framework/Versions/A/HIServices
0x0000000005686000 	/System/Library/Frameworks/ApplicationServices.framework/Versions/A/Frameworks/LangAnalysis.framework/Versions/A/LangAnalysis
0x0000000005686000 	/System/Library/Frameworks/ApplicationServices.framework/Versions/A/Frameworks/PrintCore.framework/Versions/A/PrintCore
0x0000000005686000 	/System/Library/Frameworks/ApplicationServices.framework/Versions/A/Frameworks/QD.framework/Versions/A/QD
0x0000000005686000 	/System/Library/Frameworks/ApplicationServices.framework/Versions/A/Frameworks/SpeechSynthesis.framework/Versions/A/SpeechSynthesis
0x0000000005686000 	/System/Library/Frameworks/Accelerate.framework/Versions/A/Accelerate
0x0000000005686000 	/System/Library/Frameworks/Accelerate.framework/Versions/A/Frameworks/vImage.framework/Versions/A/vImage
0x0000000005686000 	/System/Library/Frameworks/Accelerate.framework/Versions/A/Frameworks/vecLib.framework/Versions/A/vecLib
0x0000000005686000 	/System/Library/Frameworks/Accelerate.framework/Versions/A/Frameworks/vecLib.framework/Versions/A/libvDSP.dylib
0x0000000005686000 	/System/Library/Frameworks/Accelerate.framework/Versions/A/Frameworks/vecLib.framework/Versions/A/libvMisc.dylib
0x0000000005686000 	/System/Library/Frameworks/Accelerate.framework/Versions/A/Frameworks/vecLib.framework/Versions/A/libLAPACK.dylib
0x0000000005686000 	/System/Library/Frameworks/Accelerate.framework/Versions/A/Frameworks/vecLib.framework/Versions/A/libBLAS.dylib
0x0000000005686000 	/System/Library/Frameworks/Accelerate.framework/Versions/A/Frameworks/vecLib.framework/Versions/A/libLinearAlgebra.dylib
0x0000000005686000 	/System/Library/Frameworks/ApplicationServices.framework/Versions/A/Frameworks/ATS.framework/Versions/A/Resources/libFontParser.dylib
0x0000000005686000 	/System/Library/Frameworks/ApplicationServices.framework/Versions/A/Frameworks/ATS.framework/Versions/A/Resources/libFontRegistry.dylib
0x0000000005686000 	/System/Library/PrivateFrameworks/AppleVPA.framework/Versions/A/AppleVPA
0x0000000005686000 	/System/Library/PrivateFrameworks/AppleJPEG.framework/Versions/A/AppleJPEG
0x0000000005686000 	/System/Library/Frameworks/ImageIO.framework/Versions/A/Resources/libJPEG.dylib
0x0000000005686000 	/System/Library/Frameworks/ImageIO.framework/Versions/A/Resources/libTIFF.dylib
0x0000000005686000 	/System/Library/Frameworks/ImageIO.framework/Versions/A/Resources/libPng.dylib
0x0000000005686000 	/System/Library/Frameworks/ImageIO.framework/Versions/A/Resources/libGIF.dylib
0x0000000005686000 	/System/Library/Frameworks/ImageIO.framework/Versions/A/Resources/libJP2.dylib
0x0000000005686000 	/System/Library/Frameworks/ImageIO.framework/Versions/A/Resources/libRadiance.dylib
0x0000000005686000 	/System/Library/Frameworks/CoreVideo.framework/Versions/A/CoreVideo
0x0000000005686000 	/System/Library/Frameworks/OpenGL.framework/Versions/A/Libraries/libGLU.dylib
0x0000000005686000 	/System/Library/Frameworks/OpenGL.framework/Versions/A/Libraries/libGFXShared.dylib
0x0000000005686000 	/System/Library/Frameworks/OpenGL.framework/Versions/A/Libraries/libGL.dylib
0x0000000005686000 	/System/Library/Frameworks/OpenGL.framework/Versions/A/Libraries/libGLImage.dylib
0x0000000005686000 	/System/Library/Frameworks/OpenGL.framework/Versions/A/Libraries/libCVMSPluginSupport.dylib
0x0000000005686000 	/System/Library/Frameworks/OpenGL.framework/Versions/A/Libraries/libCoreVMClient.dylib
0x0000000005686000 	/usr/lib/libcups.2.dylib
0x0000000005686000 	/System/Library/Frameworks/Kerberos.framework/Versions/A/Kerberos
0x0000000005686000 	/System/Library/Frameworks/GSS.framework/Versions/A/GSS
0x0000000005686000 	/usr/lib/libresolv.9.dylib
0x0000000005686000 	/usr/lib/libiconv.2.dylib
0x0000000005686000 	/System/Library/PrivateFrameworks/Heimdal.framework/Versions/A/Heimdal
0x0000000005686000 	/usr/lib/libheimdal-asn1.dylib
0x0000000005686000 	/System/Library/Frameworks/OpenDirectory.framework/Versions/A/OpenDirectory
0x0000000005686000 	/System/Library/PrivateFrameworks/CommonAuth.framework/Versions/A/CommonAuth
0x0000000005686000 	/System/Library/Frameworks/OpenDirectory.framework/Versions/A/Frameworks/CFOpenDirectory.framework/Versions/A/CFOpenDirectory
0x0000000005686000 	/System/Library/Frameworks/SecurityFoundation.framework/Versions/A/SecurityFoundation
0x0000000005686000 	/System/Library/PrivateFrameworks/LanguageModeling.framework/Versions/A/LanguageModeling
0x0000000005686000 	/usr/lib/libcmph.dylib
0x0000000005686000 	/System/Library/Frameworks/ServiceManagement.framework/Versions/A/ServiceManagement
0x0000000005686000 	/usr/lib/libxslt.1.dylib
0x0000000005686000 	/System/Library/Frameworks/Carbon.framework/Versions/A/Frameworks/Ink.framework/Versions/A/Ink
0x0000000005686000 	/System/Library/Frameworks/QuartzCore.framework/Versions/A/Frameworks/CoreImage.framework/Versions/A/CoreImage
0x0000000005686000 	/System/Library/PrivateFrameworks/CrashReporterSupport.framework/Versions/A/CrashReporterSupport
0x0000000005686000 	/System/Library/Frameworks/OpenCL.framework/Versions/A/OpenCL
0x0000000005686000 	/System/Library/PrivateFrameworks/FaceCore.framework/Versions/A/FaceCore
0x0000000005686000 	/System/Library/PrivateFrameworks/Ubiquity.framework/Versions/A/Ubiquity
0x0000000005686000 	/System/Library/PrivateFrameworks/IconServices.framework/Versions/A/IconServices
0x0000000005686000 	/System/Library/PrivateFrameworks/ChunkingLibrary.framework/Versions/A/ChunkingLibrary
0x0000000005686000 	/System/Library/PrivateFrameworks/Apple80211.framework/Versions/A/Apple80211
0x0000000005686000 	/System/Library/Frameworks/CoreWLAN.framework/Versions/A/CoreWLAN
0x0000000005686000 	/System/Library/Frameworks/IOBluetooth.framework/Versions/A/IOBluetooth
0x0000000005686000 	/System/Library/PrivateFrameworks/CoreWiFi.framework/Versions/A/CoreWiFi
0x0000000005686000 	/System/Library/Frameworks/CoreBluetooth.framework/Versions/A/CoreBluetooth
0x0000000005686000 	/System/Library/PrivateFrameworks/DebugSymbols.framework/Versions/A/DebugSymbols
0x0000000005686000 	/System/Library/PrivateFrameworks/CoreSymbolication.framework/Versions/A/CoreSymbolication
0x0000000005686000 	/System/Library/PrivateFrameworks/Symbolication.framework/Versions/A/Symbolication
0x0000000005686000 	/System/Library/PrivateFrameworks/SpeechRecognitionCore.framework/Versions/A/SpeechRecognitionCore
0x0000000108082000 	/Library/Java/JavaVirtualMachines/jdk1.8.0_51.jdk/Contents/Home/jre/lib/server/libjvm.dylib
0x0000000005686000 	/usr/lib/libstdc++.6.dylib
0x00000001090ee000 	/Library/Java/JavaVirtualMachines/jdk1.8.0_51.jdk/Contents/Home/jre/lib/libverify.dylib
0x00000001090fc000 	/Library/Java/JavaVirtualMachines/jdk1.8.0_51.jdk/Contents/Home/jre/lib/libjava.dylib
0x000000010913b000 	/Library/Java/JavaVirtualMachines/jdk1.8.0_51.jdk/Contents/Home/jre/lib/libzip.dylib
0x0000000125d3f000 	/System/Library/Frameworks/JavaVM.framework/Frameworks/JavaRuntimeSupport.framework/JavaRuntimeSupport
0x0000000125d55000 	/System/Library/Frameworks/JavaVM.framework/Versions/A/Frameworks/JavaNativeFoundation.framework/Versions/A/JavaNativeFoundation
0x00000001091f4000 	/System/Library/Frameworks/JavaVM.framework/Versions/A/JavaVM
0x0000000005686000 	/System/Library/Frameworks/Carbon.framework/Versions/A/Carbon
0x0000000125d69000 	/System/Library/PrivateFrameworks/JavaLaunching.framework/Versions/A/JavaLaunching
0x0000000005686000 	/System/Library/Frameworks/Carbon.framework/Versions/A/Frameworks/CommonPanels.framework/Versions/A/CommonPanels
0x0000000005686000 	/System/Library/Frameworks/Carbon.framework/Versions/A/Frameworks/Help.framework/Versions/A/Help
0x0000000005686000 	/System/Library/Frameworks/Carbon.framework/Versions/A/Frameworks/ImageCapture.framework/Versions/A/ImageCapture
0x0000000005686000 	/System/Library/Frameworks/Carbon.framework/Versions/A/Frameworks/OpenScripting.framework/Versions/A/OpenScripting
0x0000000005686000 	/System/Library/Frameworks/Carbon.framework/Versions/A/Frameworks/Print.framework/Versions/A/Print
0x0000000005686000 	/System/Library/Frameworks/Carbon.framework/Versions/A/Frameworks/SecurityHI.framework/Versions/A/SecurityHI
0x0000000127da9000 	/Applications/IntelliJ IDEA CE.app/Contents/bin/libbreakgen64.jnilib
0x0000000127eaf000 	/Library/Java/JavaVirtualMachines/jdk1.8.0_51.jdk/Contents/Home/jre/lib/libnet.dylib
0x00000001281aa000 	/Library/Java/JavaVirtualMachines/jdk1.8.0_51.jdk/Contents/Home/jre/lib/libprism_es2.dylib
0x0000000005686000 	/System/Library/Frameworks/OpenGL.framework/Versions/A/Resources/GLEngine.bundle/GLEngine
0x0000000005686000 	/System/Library/Frameworks/OpenGL.framework/Versions/A/Libraries/libGLProgrammability.dylib
0x0000000000000000 	/System/Library/Extensions/AppleIntelHD5000GraphicsGLDriver.bundle/Contents/MacOS/AppleIntelHD5000GraphicsGLDriver
0x0000000005686000 	/System/Library/PrivateFrameworks/IOAccelerator.framework/Versions/A/IOAccelerator
0x0000000005686000 	/System/Library/PrivateFrameworks/GPUSupport.framework/Versions/A/Libraries/libGPUSupportMercury.dylib
0x0000000000000000 	/System/Library/Extensions/GeForceGLDriver.bundle/Contents/MacOS/GeForceGLDriver
0x0000000005686000 	/System/Library/Extensions/GeForceGLDriver.bundle/Contents/MacOS/libclh.dylib
0x0000000005686000 	/System/Library/Frameworks/OpenGL.framework/Versions/A/Resources/GLRendererFloat.bundle/GLRendererFloat
0x0000000005686000 	/System/Library/Frameworks/OpenCL.framework/Versions/A/Libraries/libcldcpuengine.dylib
0x0000000005686000 	/System/Library/PrivateFrameworks/DiskImages.framework/Versions/A/DiskImages
0x0000000005686000 	/System/Library/Frameworks/DiscRecording.framework/Versions/A/DiscRecording
0x0000000005686000 	/usr/lib/libcsfde.dylib
0x0000000005686000 	/usr/lib/libcurl.4.dylib
0x0000000005686000 	/System/Library/PrivateFrameworks/MediaKit.framework/Versions/A/MediaKit
0x0000000005686000 	/System/Library/PrivateFrameworks/ProtectedCloudStorage.framework/Versions/A/ProtectedCloudStorage
0x0000000005686000 	/usr/lib/libCoreStorage.dylib
0x0000000005686000 	/System/Library/PrivateFrameworks/EFILogin.framework/Versions/A/EFILogin
0x0000000005686000 	/usr/lib/libutil.dylib
0x0000000005686000 	/System/Library/PrivateFrameworks/FindMyDevice.framework/Versions/A/FindMyDevice
0x0000000005686000 	/System/Library/Frameworks/LDAP.framework/Versions/A/LDAP
0x0000000005686000 	/usr/lib/libsasl2.2.dylib
0x0000000005686000 	/System/Library/PrivateFrameworks/CoreDaemon.framework/Versions/B/CoreDaemon
0x0000000005686000 	/usr/lib/libcrypto.0.9.8.dylib
0x0000000005686000 	/System/Library/PrivateFrameworks/AppleSRP.framework/Versions/A/AppleSRP
0x0000000005686000 	/System/Library/PrivateFrameworks/TrustEvaluationAgent.framework/Versions/A/TrustEvaluationAgent
0x0000000128897000 	/Library/Java/JavaVirtualMachines/jdk1.8.0_51.jdk/Contents/Home/jre/lib/libglass.dylib
0x0000000005686000 	/System/Library/PrivateFrameworks/CoreServicesInternal.framework/Versions/A/CoreServicesInternal
0x0000000005686000 	/System/Library/PrivateFrameworks/CloudDocs.framework/Versions/A/CloudDocs
0x0000000005686000 	/System/Library/PrivateFrameworks/CoreDuet.framework/Versions/A/CoreDuet
0x0000000005686000 	/System/Library/Frameworks/CloudKit.framework/Versions/A/CloudKit
0x0000000005686000 	/System/Library/PrivateFrameworks/ProtocolBuffer.framework/Versions/A/ProtocolBuffer
0x0000000005686000 	/System/Library/PrivateFrameworks/CoreDuetDaemonProtocol.framework/Versions/A/CoreDuetDaemonProtocol
0x0000000005686000 	/System/Library/PrivateFrameworks/CoreDuetDebugLogging.framework/Versions/A/CoreDuetDebugLogging
0x0000000005686000 	/System/Library/Frameworks/CoreLocation.framework/Versions/A/CoreLocation
0x0000000005686000 	/System/Library/Frameworks/Accounts.framework/Versions/A/Accounts
0x0000000005686000 	/System/Library/PrivateFrameworks/ApplePushService.framework/Versions/A/ApplePushService
0x0000000005686000 	/System/Library/PrivateFrameworks/GeoServices.framework/Versions/A/GeoServices
0x0000000005686000 	/System/Library/PrivateFrameworks/OAuth.framework/Versions/A/OAuth
0x0000000005686000 	/System/Library/Frameworks/CoreGraphics.framework/Versions/A/Resources/libCGCMS.A.dylib
0x0000000005686000 	/System/Library/CoreServices/RawCamera.bundle/Contents/MacOS/RawCamera
0x0000000005686000 	/System/Library/Frameworks/CoreGraphics.framework/Versions/A/Resources/libRIP.A.dylib
0x0000000005686000 	/System/Library/PrivateFrameworks/FamilyControls.framework/Versions/A/FamilyControls
0x0000000005686000 	/System/Library/PrivateFrameworks/CommerceKit.framework/Versions/A/Frameworks/CommerceCore.framework/Versions/A/CommerceCore
0x0000000005686000 	/System/Library/PrivateFrameworks/SystemAdministration.framework/Versions/A/SystemAdministration
0x0000000005686000 	/System/Library/PrivateFrameworks/AppContainer.framework/Versions/A/AppContainer
0x0000000005686000 	/System/Library/PrivateFrameworks/SecCodeWrapper.framework/Versions/A/SecCodeWrapper
0x0000000005686000 	/System/Library/Frameworks/DirectoryService.framework/Versions/A/DirectoryService
0x0000000005686000 	/System/Library/PrivateFrameworks/LoginUIKit.framework/Versions/A/Frameworks/LoginUICore.framework/Versions/A/LoginUICore
0x0000000005686000 	/usr/lib/libodfde.dylib
0x000000012c2f4000 	/Library/Java/JavaVirtualMachines/jdk1.8.0_51.jdk/Contents/Home/jre/lib/libjavafx_font.dylib
0x0000000005686000 	/System/Library/Frameworks/CoreGraphics.framework/Versions/A/Resources/libCGXType.A.dylib
0x000000012eb69000 	/Library/Java/JavaVirtualMachines/jdk1.8.0_51.jdk/Contents/Home/jre/lib/libprism_common.dylib
0x000000012fe38000 	cl_kernels
0x000000012fe3a000 	/System/Library/Frameworks/OpenCL.framework/Versions/A/Libraries/ImageFormats/unorm8_bgra.dylib
0x000000013046a000 	cl_kernels
0x000000013187c000 	/Library/Java/JavaVirtualMachines/jdk1.8.0_51.jdk/Contents/Home/jre/lib/libnio.dylib

VM Arguments:
jvm_args: -Didea.launcher.port=7539 -Didea.launcher.bin.path=/Applications/IntelliJ IDEA CE.app/Contents/bin -Dfile.encoding=UTF-8 
java_command: com.intellij.rt.execution.application.AppMain BuzzWord
java_class_path (initial): /Library/Java/JavaVirtualMachines/jdk1.8.0_51.jdk/Contents/Home/jre/lib/charsets.jar:/Library/Java/JavaVirtualMachines/jdk1.8.0_51.jdk/Contents/Home/jre/lib/deploy.jar:/Library/Java/JavaVirtualMachines/jdk1.8.0_51.jdk/Contents/Home/jre/lib/ext/cldrdata.jar:/Library/Java/JavaVirtualMachines/jdk1.8.0_51.jdk/Contents/Home/jre/lib/ext/dnsns.jar:/Library/Java/JavaVirtualMachines/jdk1.8.0_51.jdk/Contents/Home/jre/lib/ext/jfxrt.jar:/Library/Java/JavaVirtualMachines/jdk1.8.0_51.jdk/Contents/Home/jre/lib/ext/localedata.jar:/Library/Java/JavaVirtualMachines/jdk1.8.0_51.jdk/Contents/Home/jre/lib/ext/nashorn.jar:/Library/Java/JavaVirtualMachines/jdk1.8.0_51.jdk/Contents/Home/jre/lib/ext/sunec.jar:/Library/Java/JavaVirtualMachines/jdk1.8.0_51.jdk/Contents/Home/jre/lib/ext/sunjce_provider.jar:/Library/Java/JavaVirtualMachines/jdk1.8.0_51.jdk/Contents/Home/jre/lib/ext/sunpkcs11.jar:/Library/Java/JavaVirtualMachines/jdk1.8.0_51.jdk/Contents/Home/jre/lib/ext/zipfs.jar:/Library/Java/JavaVirtualMachines/jdk1.8.0_51.jdk/Contents/Home/jre/lib/javaws.jar:/Library/Java/JavaVirtualMachines/jdk1.8.0_51.jdk/Contents/Home/jre/lib/jce.jar:/Library/Java/JavaVirtualMachines/jdk1.8.0_51.jdk/Contents/Home/jre/lib/jfr.jar:/Library/Java/JavaVirtualMachines/jdk1.8.0_51.jdk/Contents/Home/jre/lib/jfxswt.jar:/Library/Java/JavaVirtualMachines/jdk1.8.0_51.jdk/Contents/Home/jre/lib/jsse.jar:/Library/Java/JavaVirtualMachines/jdk1.8.0_51.jdk/Contents/Home/jre/lib/management-agent.jar:/Library/Java/JavaVirtualMachines/jdk1.8.0_51.jdk/Contents/Home/jre/lib/plugin.jar:/Library/Java/JavaVirtualMachines/jdk1.8.0_51.jdk/Contents/Home/jre/lib/resources.jar:/Library/Java/JavaVirtualMachines/jdk1.8.0_51.jdk/Contents/Home/jre/lib/rt.jar:/Library/Java/JavaVirtualMachines/jdk1.8.0_51.jdk/Contents/Home/lib/ant-javafx.jar:/Library/Java/JavaVirtualMachines/jdk1.8.0_51.jdk/Contents/Home/lib/dt.jar:/Library/Java/JavaVirtualMachines/jdk1.8.0_51.jdk/Contents/Home/lib/javafx-mx.jar:/Library/Java/Jav
Launcher Type: SUN_STANDARD

Environment Variables:
PATH=/usr/local/bin:/usr/bin:/bin:/usr/sbin:/sbin:/usr/local/git/bin
SHELL=/bin/bash

Signal Handlers:
SIGSEGV: [libjvm.dylib+0x58ef35], sa_mask[0]=11111111011111110111111111111111, sa_flags=SA_ONSTACK|SA_RESTART|SA_SIGINFO
SIGBUS: [libjvm.dylib+0x58ef35], sa_mask[0]=11111111011111110111111111111111, sa_flags=SA_RESTART|SA_SIGINFO
SIGFPE: [libjvm.dylib+0x46c028], sa_mask[0]=11111111011111110111111111111111, sa_flags=SA_RESTART|SA_SIGINFO
SIGPIPE: [libjvm.dylib+0x46c028], sa_mask[0]=11111111011111110111111111111111, sa_flags=SA_RESTART|SA_SIGINFO
SIGXFSZ: [libjvm.dylib+0x46c028], sa_mask[0]=11111111011111110111111111111111, sa_flags=SA_RESTART|SA_SIGINFO
SIGILL: [libjvm.dylib+0x46c028], sa_mask[0]=11111111011111110111111111111111, sa_flags=SA_RESTART|SA_SIGINFO
SIGUSR1: SIG_DFL, sa_mask[0]=00000000000000000000000000000000, sa_flags=none
SIGUSR2: [libjvm.dylib+0x46bb46], sa_mask[0]=00100000000000000000000000000000, sa_flags=SA_RESTART|SA_SIGINFO
SIGHUP: [libjvm.dylib+0x46a119], sa_mask[0]=11111111011111110111111111111111, sa_flags=SA_RESTART|SA_SIGINFO
SIGINT: [libjvm.dylib+0x46a119], sa_mask[0]=11111111011111110111111111111111, sa_flags=SA_RESTART|SA_SIGINFO
SIGTERM: [libjvm.dylib+0x46a119], sa_mask[0]=11111111011111110111111111111111, sa_flags=SA_RESTART|SA_SIGINFO
SIGQUIT: [libjvm.dylib+0x46a119], sa_mask[0]=11111111011111110111111111111111, sa_flags=SA_RESTART|SA_SIGINFO


---------------  S Y S T E M  ---------------

OS:Bsduname:Darwin 14.1.0 Darwin Kernel Version 14.1.0: Mon Dec 22 23:10:38 PST 2014; root:xnu-2782.10.72~2/RELEASE_X86_64 x86_64
rlimit: STACK 8192k, CORE 0k, NPROC 709, NOFILE 10240, AS infinity
load average:33.05 31.36 24.70

CPU:total 8 (4 cores per cpu, 2 threads per core) family 6 model 70 stepping 1, cmov, cx8, fxsr, mmx, sse, sse2, sse3, ssse3, sse4.1, sse4.2, popcnt, avx, avx2, aes, clmul, erms, rtm, lzcnt, ht, tsc, tscinvbit, bmi1, bmi2

Memory: 4k page, physical 16777216k(35004k free)

/proc/meminfo:


vm_info: Java HotSpot(TM) 64-Bit Server VM (25.51-b03) for bsd-amd64 JRE (1.8.0_51-b16), built on Jun  8 2015 18:01:11 by "java_re" with gcc 4.2.1 (Based on Apple Inc. build 5658) (LLVM build 2336.11.00)

time: Sun Jan  8 19:59:10 2017
elapsed time: 251 seconds (0d 0h 4m 11s)

