#
# A fatal error has been detected by the Java Runtime Environment:
#
#  SIGSEGV (0xb) at pc=0x000000012915e5dd, pid=67357, tid=1811
#
# JRE version: Java(TM) SE Runtime Environment (8.0_51-b16) (build 1.8.0_51-b16)
# Java VM: Java HotSpot(TM) 64-Bit Server VM (25.51-b03 mixed mode bsd-amd64 compressed oops)
# Problematic frame:
# C  [libglass.dylib+0x155dd]  GlassScreenDidChangeScreenParameters+0x9d
#
# Failed to write core dump. Core dumps have been disabled. To enable core dumping, try "ulimit -c unlimited" before starting Java again
#
# If you would like to submit a bug report, please visit:
#   http://bugreport.java.com/bugreport/crash.jsp
#

---------------  T H R E A D  ---------------

Current thread is native thread

siginfo: si_signo: 11 (SIGSEGV), si_code: 1 (SEGV_MAPERR), si_addr: 0x0000000000000000

Registers:
RAX=0x0000000129190bc0, RBX=0x0000000000000000, RCX=0xd400fdf74ef6f415, RDX=0x00007fe552640030
RSP=0x00007fff573c7820, RBP=0x00007fff573c7830, RSI=0x00007fe554803b38, RDI=0x0000000000000000
R8 =0x00007fff573c76d0, R9 =0x00007fff77bfe300, R10=0x0000000000000000, R11=0x0000000000000246
R12=0x00007fe5548067e0, R13=0x00000000000f4268, R14=0x00007fe55263ff40, R15=0x00007fff573c7970
RIP=0x000000012915e5dd, EFLAGS=0x0000000000010206, ERR=0x0000000000000004
  TRAPNO=0x000000000000000e

Top of Stack: (sp=0x00007fff573c7820)
0x00007fff573c7820:   00007fff573c7a00 00007fe55263ff40
0x00007fff573c7830:   00007fff573c7840 00007fff8a6a1cdc
0x00007fff573c7840:   00007fff573c7ba0 00007fff8a593244
0x00007fff573c7850:   0000000000000000 0000000000001400
0x00007fff573c7860:   00007fff573c78a0 00007fff94e2db4e
0x00007fff573c7870:   0000000000001002 0000000000000d50
0x00007fff573c7880:   002d0c00002d0c00 00007fe55263ff40
0x00007fff573c7890:   0000000000000000 00007fff573c7970
0x00007fff573c78a0:   0000000000000000 00007fe55263ff00
0x00007fff573c78b0:   00007fff573c79f0 000000000000008e
0x00007fff573c78c0:   00000000000f4523 00007fe554863a10
0x00007fff573c78d0:   00007fe55251a4f0 00007fe5548067e0
0x00007fff573c78e0:   0000000000000001 00000000000f4268
0x00007fff573c78f0:   00007fe5548067d0 00007fff8be32acb
0x00007fff573c7900:   0000000000000001 0000000000000001
0x00007fff573c7910:   0000000000000030 0000000000000001
0x00007fff573c7920:   00007fff573c7940 00007fff8be38231
0x00007fff573c7930:   00007fff7628cdd0 0000000000000000
0x00007fff573c7940:   00007fff573c7960 0000000000000018
0x00007fff573c7950:   0013f00300000000 00007fe554806804
0x00007fff573c7960:   0000000000000000 00007fff8a588d1f
0x00007fff573c7970:   00007fe55263ff40 00007fff7628cdd0
0x00007fff573c7980:   00007fff573c7a00 00007fff8a59184f
0x00007fff573c7990:   00007fff573c7a04 0000000000560201
0x00007fff573c79a0:   0000000108853a00 0000000000000001
0x00007fff573c79b0:   0000000108850000 00007fe5548bc941
0x00007fff573c79c0:   0000000000000003 0000000108854e00
0x00007fff573c79d0:   00007fff573c7ac0 00007fff8be312a2
0x00007fff573c79e0:   00007fe554b17a30 00007fff573c7ba8
0x00007fff573c79f0:   0000000000000017 0000000000000000
0x00007fff573c7a00:   00000000000f4268 00007fff8a589013
0x00007fff573c7a10:   00007fff00000000 00007fe554935a10 

Instructions: (pc=0x000000012915e5dd)
0x000000012915e5bd:   89 df 4c 89 f1 41 ff 90 68 04 00 00 48 8d 05 f8
0x000000012915e5cd:   24 03 00 48 8b 30 48 8d 05 e6 25 03 00 48 8b 10
0x000000012915e5dd:   48 8b 0b 30 c0 48 89 df ff 91 68 04 00 00 48 8b
0x000000012915e5ed:   03 48 89 df ff 50 78 48 85 c0 74 36 49 89 c6 48 

Register to memory mapping:

RAX=0x0000000129190bc0: jScreenNotifySettingsChanged+0 in /Library/Java/JavaVirtualMachines/jdk1.8.0_51.jdk/Contents/Home/jre/lib/libglass.dylib at 0x0000000129149000
RBX=0x0000000000000000 is an unknown value
RCX=0xd400fdf74ef6f415 is an unknown value
RDX=0x00007fe552640030 is an unknown value
RSP=0x00007fff573c7820 is an unknown value
RBP=0x00007fff573c7830 is an unknown value
RSI=0x00007fe554803b38 is a global jni handle
RDI=0x0000000000000000 is an unknown value
R8 =0x00007fff573c76d0 is an unknown value
R9 =0x00007fff77bfe300: _thread+0 in /usr/lib/system/libsystem_pthread.dylib at 0x00007fff94e2c000
R10=0x0000000000000000 is an unknown value
R11=0x0000000000000246 is an unknown value
R12=0x00007fe5548067e0 is an unknown value
R13=0x00000000000f4268 is an unknown value
R14=0x00007fe55263ff40 is an unknown value
R15=0x00007fff573c7970 is an unknown value


Stack: [0x00007fff56bcb000,0x00007fff573cb000],  sp=0x00007fff573c7820,  free space=8178k
Native frames: (J=compiled Java code, j=interpreted, Vv=VM code, C=native code)
C  [libglass.dylib+0x155dd]  GlassScreenDidChangeScreenParameters+0x9d
C  [CoreFoundation+0x11ecdc]  __CFNOTIFICATIONCENTER_IS_CALLING_OUT_TO_AN_OBSERVER__+0xc
C  [CoreFoundation+0x10244]  _CFXNotificationPost+0xc44
C  [Foundation+0x2c31]  -[NSNotificationCenter postNotificationName:object:userInfo:]+0x42
C  [AppKit+0x36305e]  -[NSApplication _reactToScreenInvalidationImmediately:]+0x17b
C  [AppKit+0x362e9d]  __44-[NSApplication _reactToScreenInvalidation:]_block_invoke+0x4b
C  [CoreFoundation+0x8056c]  __CFRUNLOOP_IS_CALLING_OUT_TO_A_BLOCK__+0xc
C  [CoreFoundation+0x72675]  __CFRunLoopDoBlocks+0x155
C  [CoreFoundation+0x721b6]  __CFRunLoopRun+0x716
C  [CoreFoundation+0x71858]  CFRunLoopRunSpecific+0x128
C  [java+0x6463]  CreateExecutionEnvironment+0x367
C  [java+0x21ac]  JLI_Launch+0x7a0
C  [java+0x84c0]  main+0x65
C  [java+0x1a04]  start+0x34


---------------  P R O C E S S  ---------------

VM state:not at safepoint (normal execution)

VM Mutex/Monitor currently owned by a thread: None

Heap:
 PSYoungGen      total 76288K, used 65462K [0x000000076ab00000, 0x0000000770000000, 0x00000007c0000000)
  eden space 65536K, 99% used [0x000000076ab00000,0x000000076eaed990,0x000000076eb00000)
  from space 10752K, 0% used [0x000000076f580000,0x000000076f580000,0x0000000770000000)
  to   space 10752K, 0% used [0x000000076eb00000,0x000000076eb00000,0x000000076f580000)
 ParOldGen       total 175104K, used 0K [0x00000006c0000000, 0x00000006cab00000, 0x000000076ab00000)
  object space 175104K, 0% used [0x00000006c0000000,0x00000006c0000000,0x00000006cab00000)
 Metaspace       used 18019K, capacity 19034K, committed 19200K, reserved 1064960K
  class space    used 2482K, capacity 2721K, committed 2816K, reserved 1048576K

Card table byte_map: [0x0000000119e2c000,0x000000011a62d000] byte_map_base: 0x000000011682c000

Marking Bits: (ParMarkBitMap*) 0x000000010a2c27a0
 Begin Bits: [0x000000011b39b000, 0x000000011f39b000)
 End Bits:   [0x000000011f39b000, 0x000000012339b000)

Polling page: 0x000000010898e000

CodeCache: size=245760Kb used=10272Kb max_used=10280Kb free=235487Kb
 bounds [0x000000010aa6c000, 0x000000010b48c000, 0x0000000119a6c000]
 total_blobs=3878 nmethods=3187 adapters=603
 compilation: enabled

Compilation events (10 events):
Event: 35.286 Thread 0x00007fe55280b000 3212       4       java.util.EnumMap$EnumMapIterator::hasNext (64 bytes)
Event: 35.288 Thread 0x00007fe55280b000 nmethod 3212 0x000000010b477910 code [0x000000010b477a60, 0x000000010b477b78]
Event: 35.792 Thread 0x00007fe556011800 3213       4       com.sun.javafx.event.EventDispatchChainImpl::dispatchEvent (101 bytes)
Event: 35.793 Thread 0x00007fe556011800 nmethod 3213 0x000000010b477450 code [0x000000010b4775a0, 0x000000010b477738]
Event: 35.827 Thread 0x00007fe555013000 3214       3       java.util.ArrayDeque::removeFirst (19 bytes)
Event: 35.827 Thread 0x00007fe555013000 nmethod 3214 0x000000010b478c90 code [0x000000010b478e20, 0x000000010b4790b8]
Event: 35.896 Thread 0x00007fe555013000 3215       3       java.util.ArrayDeque::remove (5 bytes)
Event: 35.896 Thread 0x00007fe555013000 nmethod 3215 0x000000010b478690 code [0x000000010b478820, 0x000000010b478b18]
Event: 37.986 Thread 0x00007fe555013000 3216       3       java.util.concurrent.atomic.AtomicInteger::incrementAndGet (14 bytes)
Event: 37.986 Thread 0x00007fe555013000 nmethod 3216 0x000000010b478390 code [0x000000010b4784e0, 0x000000010b478630]

GC Heap History (0 events):
No events

Deoptimization events (10 events):
Event: 33.351 Thread 0x00007fe556106000 Uncommon trap: reason=unloaded action=reinterpret pc=0x000000010b39950c method=Game.run()V @ 142
Event: 33.362 Thread 0x00007fe55509c800 Uncommon trap: reason=unstable_if action=reinterpret pc=0x000000010b2d93e8 method=com.sun.javafx.css.CompoundSelector.applies(Ljavafx/css/Styleable;I[Ljava/util/Set;I)Z @ 125
Event: 33.367 Thread 0x00007fe55509c800 Uncommon trap: reason=unstable_if action=reinterpret pc=0x000000010aec9948 method=com.sun.javafx.css.BitSet.add(Ljava/lang/Object;)Z @ 91
Event: 33.379 Thread 0x00007fe55509c800 Uncommon trap: reason=unstable_if action=reinterpret pc=0x000000010b0c7074 method=java.lang.StrictMath.floorOrCeil(DDDD)D @ 38
Event: 33.389 Thread 0x00007fe55509c800 Uncommon trap: reason=unstable_if action=reinterpret pc=0x000000010b190d70 method=java.io.ByteArrayInputStream.read()I @ 8
Event: 33.389 Thread 0x00007fe55509c800 Uncommon trap: reason=class_check action=maybe_recompile pc=0x000000010adc6f54 method=java.io.FilterInputStream.read()I @ 4
Event: 33.389 Thread 0x00007fe55509c800 Uncommon trap: reason=class_check action=maybe_recompile pc=0x000000010adc6f54 method=java.io.FilterInputStream.read()I @ 4
Event: 33.389 Thread 0x00007fe55509c800 Uncommon trap: reason=class_check action=maybe_recompile pc=0x000000010adc6f54 method=java.io.FilterInputStream.read()I @ 4
Event: 33.389 Thread 0x00007fe55509c800 Uncommon trap: reason=class_check action=maybe_recompile pc=0x000000010adc6f54 method=java.io.FilterInputStream.read()I @ 4
Event: 33.403 Thread 0x00007fe55509c800 Uncommon trap: reason=class_check action=maybe_recompile pc=0x000000010b012cfc method=com.sun.javafx.collections.ObservableMapWrapper.get(Ljava/lang/Object;)Ljava/lang/Object; @ 5

Internal exceptions (10 events):
Event: 0.045 Thread 0x00007fe555002000 Exception <a 'java/lang/NoSuchMethodError': Method sun.misc.Unsafe.prefetchRead(Ljava/lang/Object;J)V name or signature does not match> (0x000000076ab13040) thrown at [/Users/java_re/workspace/8-2-build-macosx-x86_64/jdk8u51/3951/hotspot/src/share/vm/prim
Event: 0.176 Thread 0x00007fe555002000 Exception <a 'java/lang/NoSuchFieldError': method resolution failed> (0x000000076b0d27b0) thrown at [/Users/java_re/workspace/8-2-build-macosx-x86_64/jdk8u51/3951/hotspot/src/share/vm/prims/methodHandles.cpp, line 1125]
Event: 0.179 Thread 0x00007fe555002000 Exception <a 'java/lang/NoSuchFieldError': method resolution failed> (0x000000076b0e0e80) thrown at [/Users/java_re/workspace/8-2-build-macosx-x86_64/jdk8u51/3951/hotspot/src/share/vm/prims/methodHandles.cpp, line 1125]
Event: 0.204 Thread 0x00007fe555016800 Exception <a 'java/security/PrivilegedActionException'> (0x000000076b181448) thrown at [/Users/java_re/workspace/8-2-build-macosx-x86_64/jdk8u51/3951/hotspot/src/share/vm/prims/jvm.cpp, line 1382]
Event: 0.204 Thread 0x00007fe555016800 Exception <a 'java/security/PrivilegedActionException'> (0x000000076b181600) thrown at [/Users/java_re/workspace/8-2-build-macosx-x86_64/jdk8u51/3951/hotspot/src/share/vm/prims/jvm.cpp, line 1382]
Event: 0.205 Thread 0x00007fe555016800 Exception <a 'java/security/PrivilegedActionException'> (0x000000076b1847f0) thrown at [/Users/java_re/workspace/8-2-build-macosx-x86_64/jdk8u51/3951/hotspot/src/share/vm/prims/jvm.cpp, line 1382]
Event: 0.205 Thread 0x00007fe555016800 Exception <a 'java/security/PrivilegedActionException'> (0x000000076b1849a8) thrown at [/Users/java_re/workspace/8-2-build-macosx-x86_64/jdk8u51/3951/hotspot/src/share/vm/prims/jvm.cpp, line 1382]
Event: 0.205 Thread 0x00007fe555016800 Exception <a 'java/lang/NullPointerException'> (0x000000076b185140) thrown at [/Users/java_re/workspace/8-2-build-macosx-x86_64/jdk8u51/3951/hotspot/src/share/vm/interpreter/linkResolver.cpp, line 1178]
Event: 0.753 Thread 0x00007fe55509c800 Exception <a 'java/lang/NullPointerException'> (0x000000076bb82528) thrown at [/Users/java_re/workspace/8-2-build-macosx-x86_64/jdk8u51/3951/hotspot/src/share/vm/interpreter/linkResolver.cpp, line 1178]
Event: 0.753 Thread 0x00007fe55509c800 Exception <a 'java/lang/NullPointerException'> (0x000000076bb82528) thrown at [/Users/java_re/workspace/8-2-build-macosx-x86_64/jdk8u51/3951/hotspot/src/share/vm/prims/jvm.cpp, line 1386]

Events (10 events):
Event: 37.985 loading class javafx/application/Application done
Event: 37.987 loading class com/sun/javafx/tk/quantum/QuantumRenderer
Event: 37.987 loading class com/sun/javafx/tk/quantum/QuantumRenderer done
Event: 37.988 loading class com/sun/javafx/tk/quantum/QuantumToolkit
Event: 37.988 loading class com/sun/javafx/tk/quantum/QuantumToolkit done
Event: 37.988 Thread 0x00007fe553955000 Thread exited: 0x00007fe553955000
Event: 37.988 Thread 0x00007fe555016800 Thread exited: 0x00007fe555016800
Event: 37.988 Thread 0x00007fe555002000 Thread exited: 0x00007fe555002000
Event: 37.988 Thread 0x00007fe55b806800 Thread added: 0x00007fe55b806800
Event: 37.988 Thread 0x00007fe55509c800 Thread exited: 0x00007fe55509c800


Dynamic libraries:
0x0000000005686000 	/System/Library/Frameworks/Cocoa.framework/Versions/A/Cocoa
0x0000000005686000 	/System/Library/Frameworks/Security.framework/Versions/A/Security
0x0000000005686000 	/System/Library/Frameworks/ApplicationServices.framework/Versions/A/ApplicationServices
0x0000000005686000 	/usr/lib/libz.1.dylib
0x0000000005686000 	/usr/lib/libSystem.B.dylib
0x0000000005686000 	/usr/lib/libobjc.A.dylib
0x0000000005686000 	/System/Library/Frameworks/CoreFoundation.framework/Versions/A/CoreFoundation
0x0000000005686000 	/System/Library/Frameworks/Foundation.framework/Versions/C/Foundation
0x0000000005686000 	/System/Library/Frameworks/AppKit.framework/Versions/C/AppKit
0x0000000005686000 	/System/Library/Frameworks/CoreData.framework/Versions/A/CoreData
0x0000000005686000 	/System/Library/PrivateFrameworks/RemoteViewServices.framework/Versions/A/RemoteViewServices
0x0000000005686000 	/System/Library/PrivateFrameworks/UIFoundation.framework/Versions/A/UIFoundation
0x0000000005686000 	/System/Library/Frameworks/IOSurface.framework/Versions/A/IOSurface
0x0000000005686000 	/System/Library/Frameworks/AudioToolbox.framework/Versions/A/AudioToolbox
0x0000000005686000 	/System/Library/Frameworks/AudioUnit.framework/Versions/A/AudioUnit
0x0000000005686000 	/System/Library/PrivateFrameworks/DataDetectorsCore.framework/Versions/A/DataDetectorsCore
0x0000000005686000 	/System/Library/PrivateFrameworks/DesktopServicesPriv.framework/Versions/A/DesktopServicesPriv
0x0000000005686000 	/System/Library/Frameworks/Carbon.framework/Versions/A/Frameworks/HIToolbox.framework/Versions/A/HIToolbox
0x0000000005686000 	/System/Library/Frameworks/QuartzCore.framework/Versions/A/QuartzCore
0x0000000005686000 	/System/Library/Frameworks/Carbon.framework/Versions/A/Frameworks/SpeechRecognition.framework/Versions/A/SpeechRecognition
0x0000000005686000 	/usr/lib/libauto.dylib
0x0000000005686000 	/usr/lib/libicucore.A.dylib
0x0000000005686000 	/usr/lib/libxml2.2.dylib
0x0000000005686000 	/System/Library/PrivateFrameworks/CoreUI.framework/Versions/A/CoreUI
0x0000000005686000 	/System/Library/Frameworks/CoreAudio.framework/Versions/A/CoreAudio
0x0000000005686000 	/System/Library/Frameworks/DiskArbitration.framework/Versions/A/DiskArbitration
0x0000000005686000 	/usr/lib/liblangid.dylib
0x0000000005686000 	/System/Library/PrivateFrameworks/MultitouchSupport.framework/Versions/A/MultitouchSupport
0x0000000005686000 	/System/Library/Frameworks/IOKit.framework/Versions/A/IOKit
0x0000000005686000 	/usr/lib/libDiagnosticMessagesClient.dylib
0x0000000005686000 	/System/Library/Frameworks/CoreServices.framework/Versions/A/CoreServices
0x0000000005686000 	/System/Library/PrivateFrameworks/PerformanceAnalysis.framework/Versions/A/PerformanceAnalysis
0x0000000005686000 	/System/Library/PrivateFrameworks/GenerationalStorage.framework/Versions/A/GenerationalStorage
0x0000000005686000 	/System/Library/Frameworks/OpenGL.framework/Versions/A/OpenGL
0x0000000005686000 	/System/Library/PrivateFrameworks/Sharing.framework/Versions/A/Sharing
0x0000000005686000 	/System/Library/Frameworks/CoreGraphics.framework/Versions/A/CoreGraphics
0x0000000005686000 	/System/Library/Frameworks/CoreText.framework/Versions/A/CoreText
0x0000000005686000 	/System/Library/Frameworks/ImageIO.framework/Versions/A/ImageIO
0x0000000005686000 	/usr/lib/libextension.dylib
0x0000000005686000 	/System/Library/PrivateFrameworks/Backup.framework/Versions/A/Backup
0x0000000005686000 	/usr/lib/libarchive.2.dylib
0x0000000005686000 	/System/Library/Frameworks/CFNetwork.framework/Versions/A/CFNetwork
0x0000000005686000 	/System/Library/Frameworks/SystemConfiguration.framework/Versions/A/SystemConfiguration
0x0000000005686000 	/usr/lib/libCRFSuite.dylib
0x0000000005686000 	/usr/lib/libc++.1.dylib
0x0000000005686000 	/usr/lib/libc++abi.dylib
0x0000000005686000 	/usr/lib/system/libcache.dylib
0x0000000005686000 	/usr/lib/system/libcommonCrypto.dylib
0x0000000005686000 	/usr/lib/system/libcompiler_rt.dylib
0x0000000005686000 	/usr/lib/system/libcopyfile.dylib
0x0000000005686000 	/usr/lib/system/libcorecrypto.dylib
0x0000000005686000 	/usr/lib/system/libdispatch.dylib
0x0000000005686000 	/usr/lib/system/libdyld.dylib
0x0000000005686000 	/usr/lib/system/libkeymgr.dylib
0x0000000005686000 	/usr/lib/system/liblaunch.dylib
0x0000000005686000 	/usr/lib/system/libmacho.dylib
0x0000000005686000 	/usr/lib/system/libquarantine.dylib
0x0000000005686000 	/usr/lib/system/libremovefile.dylib
0x0000000005686000 	/usr/lib/system/libsystem_asl.dylib
0x0000000005686000 	/usr/lib/system/libsystem_blocks.dylib
0x0000000005686000 	/usr/lib/system/libsystem_c.dylib
0x0000000005686000 	/usr/lib/system/libsystem_configuration.dylib
0x0000000005686000 	/usr/lib/system/libsystem_coreservices.dylib
0x0000000005686000 	/usr/lib/system/libsystem_coretls.dylib
0x0000000005686000 	/usr/lib/system/libsystem_dnssd.dylib
0x0000000005686000 	/usr/lib/system/libsystem_info.dylib
0x0000000005686000 	/usr/lib/system/libsystem_kernel.dylib
0x0000000005686000 	/usr/lib/system/libsystem_m.dylib
0x0000000005686000 	/usr/lib/system/libsystem_malloc.dylib
0x0000000005686000 	/usr/lib/system/libsystem_network.dylib
0x0000000005686000 	/usr/lib/system/libsystem_networkextension.dylib
0x0000000005686000 	/usr/lib/system/libsystem_notify.dylib
0x0000000005686000 	/usr/lib/system/libsystem_platform.dylib
0x0000000005686000 	/usr/lib/system/libsystem_pthread.dylib
0x0000000005686000 	/usr/lib/system/libsystem_sandbox.dylib
0x0000000005686000 	/usr/lib/system/libsystem_secinit.dylib
0x0000000005686000 	/usr/lib/system/libsystem_stats.dylib
0x0000000005686000 	/usr/lib/system/libsystem_trace.dylib
0x0000000005686000 	/usr/lib/system/libunc.dylib
0x0000000005686000 	/usr/lib/system/libunwind.dylib
0x0000000005686000 	/usr/lib/system/libxpc.dylib
0x0000000005686000 	/usr/lib/libbz2.1.0.dylib
0x0000000005686000 	/usr/lib/liblzma.5.dylib
0x0000000005686000 	/usr/lib/libbsm.0.dylib
0x0000000005686000 	/usr/lib/libsqlite3.dylib
0x0000000005686000 	/usr/lib/system/libkxld.dylib
0x0000000005686000 	/usr/lib/libxar.1.dylib
0x0000000005686000 	/usr/lib/libpam.2.dylib
0x0000000005686000 	/usr/lib/libOpenScriptingUtil.dylib
0x0000000005686000 	/System/Library/Frameworks/CoreServices.framework/Versions/A/Frameworks/FSEvents.framework/Versions/A/FSEvents
0x0000000005686000 	/System/Library/Frameworks/CoreServices.framework/Versions/A/Frameworks/CarbonCore.framework/Versions/A/CarbonCore
0x0000000005686000 	/System/Library/Frameworks/CoreServices.framework/Versions/A/Frameworks/Metadata.framework/Versions/A/Metadata
0x0000000005686000 	/System/Library/Frameworks/CoreServices.framework/Versions/A/Frameworks/OSServices.framework/Versions/A/OSServices
0x0000000005686000 	/System/Library/Frameworks/CoreServices.framework/Versions/A/Frameworks/SearchKit.framework/Versions/A/SearchKit
0x0000000005686000 	/System/Library/Frameworks/CoreServices.framework/Versions/A/Frameworks/AE.framework/Versions/A/AE
0x0000000005686000 	/System/Library/Frameworks/CoreServices.framework/Versions/A/Frameworks/LaunchServices.framework/Versions/A/LaunchServices
0x0000000005686000 	/System/Library/Frameworks/CoreServices.framework/Versions/A/Frameworks/DictionaryServices.framework/Versions/A/DictionaryServices
0x0000000005686000 	/System/Library/Frameworks/NetFS.framework/Versions/A/NetFS
0x0000000005686000 	/System/Library/PrivateFrameworks/NetAuth.framework/Versions/A/NetAuth
0x0000000005686000 	/System/Library/PrivateFrameworks/login.framework/Versions/A/Frameworks/loginsupport.framework/Versions/A/loginsupport
0x0000000005686000 	/System/Library/PrivateFrameworks/TCC.framework/Versions/A/TCC
0x0000000005686000 	/usr/lib/libmecabra.dylib
0x0000000005686000 	/System/Library/Frameworks/ApplicationServices.framework/Versions/A/Frameworks/ATS.framework/Versions/A/ATS
0x0000000005686000 	/System/Library/Frameworks/ApplicationServices.framework/Versions/A/Frameworks/ColorSync.framework/Versions/A/ColorSync
0x0000000005686000 	/System/Library/Frameworks/ApplicationServices.framework/Versions/A/Frameworks/HIServices.framework/Versions/A/HIServices
0x0000000005686000 	/System/Library/Frameworks/ApplicationServices.framework/Versions/A/Frameworks/LangAnalysis.framework/Versions/A/LangAnalysis
0x0000000005686000 	/System/Library/Frameworks/ApplicationServices.framework/Versions/A/Frameworks/PrintCore.framework/Versions/A/PrintCore
0x0000000005686000 	/System/Library/Frameworks/ApplicationServices.framework/Versions/A/Frameworks/QD.framework/Versions/A/QD
0x0000000005686000 	/System/Library/Frameworks/ApplicationServices.framework/Versions/A/Frameworks/SpeechSynthesis.framework/Versions/A/SpeechSynthesis
0x0000000005686000 	/System/Library/Frameworks/Accelerate.framework/Versions/A/Accelerate
0x0000000005686000 	/System/Library/Frameworks/Accelerate.framework/Versions/A/Frameworks/vImage.framework/Versions/A/vImage
0x0000000005686000 	/System/Library/Frameworks/Accelerate.framework/Versions/A/Frameworks/vecLib.framework/Versions/A/vecLib
0x0000000005686000 	/System/Library/Frameworks/Accelerate.framework/Versions/A/Frameworks/vecLib.framework/Versions/A/libvDSP.dylib
0x0000000005686000 	/System/Library/Frameworks/Accelerate.framework/Versions/A/Frameworks/vecLib.framework/Versions/A/libvMisc.dylib
0x0000000005686000 	/System/Library/Frameworks/Accelerate.framework/Versions/A/Frameworks/vecLib.framework/Versions/A/libLAPACK.dylib
0x0000000005686000 	/System/Library/Frameworks/Accelerate.framework/Versions/A/Frameworks/vecLib.framework/Versions/A/libBLAS.dylib
0x0000000005686000 	/System/Library/Frameworks/Accelerate.framework/Versions/A/Frameworks/vecLib.framework/Versions/A/libLinearAlgebra.dylib
0x0000000005686000 	/System/Library/Frameworks/ApplicationServices.framework/Versions/A/Frameworks/ATS.framework/Versions/A/Resources/libFontParser.dylib
0x0000000005686000 	/System/Library/Frameworks/ApplicationServices.framework/Versions/A/Frameworks/ATS.framework/Versions/A/Resources/libFontRegistry.dylib
0x0000000005686000 	/System/Library/PrivateFrameworks/AppleVPA.framework/Versions/A/AppleVPA
0x0000000005686000 	/System/Library/PrivateFrameworks/AppleJPEG.framework/Versions/A/AppleJPEG
0x0000000005686000 	/System/Library/Frameworks/ImageIO.framework/Versions/A/Resources/libJPEG.dylib
0x0000000005686000 	/System/Library/Frameworks/ImageIO.framework/Versions/A/Resources/libTIFF.dylib
0x0000000005686000 	/System/Library/Frameworks/ImageIO.framework/Versions/A/Resources/libPng.dylib
0x0000000005686000 	/System/Library/Frameworks/ImageIO.framework/Versions/A/Resources/libGIF.dylib
0x0000000005686000 	/System/Library/Frameworks/ImageIO.framework/Versions/A/Resources/libJP2.dylib
0x0000000005686000 	/System/Library/Frameworks/ImageIO.framework/Versions/A/Resources/libRadiance.dylib
0x0000000005686000 	/System/Library/Frameworks/CoreVideo.framework/Versions/A/CoreVideo
0x0000000005686000 	/System/Library/Frameworks/OpenGL.framework/Versions/A/Libraries/libGLU.dylib
0x0000000005686000 	/System/Library/Frameworks/OpenGL.framework/Versions/A/Libraries/libGFXShared.dylib
0x0000000005686000 	/System/Library/Frameworks/OpenGL.framework/Versions/A/Libraries/libGL.dylib
0x0000000005686000 	/System/Library/Frameworks/OpenGL.framework/Versions/A/Libraries/libGLImage.dylib
0x0000000005686000 	/System/Library/Frameworks/OpenGL.framework/Versions/A/Libraries/libCVMSPluginSupport.dylib
0x0000000005686000 	/System/Library/Frameworks/OpenGL.framework/Versions/A/Libraries/libCoreVMClient.dylib
0x0000000005686000 	/usr/lib/libcups.2.dylib
0x0000000005686000 	/System/Library/Frameworks/Kerberos.framework/Versions/A/Kerberos
0x0000000005686000 	/System/Library/Frameworks/GSS.framework/Versions/A/GSS
0x0000000005686000 	/usr/lib/libresolv.9.dylib
0x0000000005686000 	/usr/lib/libiconv.2.dylib
0x0000000005686000 	/System/Library/PrivateFrameworks/Heimdal.framework/Versions/A/Heimdal
0x0000000005686000 	/usr/lib/libheimdal-asn1.dylib
0x0000000005686000 	/System/Library/Frameworks/OpenDirectory.framework/Versions/A/OpenDirectory
0x0000000005686000 	/System/Library/PrivateFrameworks/CommonAuth.framework/Versions/A/CommonAuth
0x0000000005686000 	/System/Library/Frameworks/OpenDirectory.framework/Versions/A/Frameworks/CFOpenDirectory.framework/Versions/A/CFOpenDirectory
0x0000000005686000 	/System/Library/Frameworks/SecurityFoundation.framework/Versions/A/SecurityFoundation
0x0000000005686000 	/System/Library/PrivateFrameworks/LanguageModeling.framework/Versions/A/LanguageModeling
0x0000000005686000 	/usr/lib/libcmph.dylib
0x0000000005686000 	/System/Library/Frameworks/ServiceManagement.framework/Versions/A/ServiceManagement
0x0000000005686000 	/usr/lib/libxslt.1.dylib
0x0000000005686000 	/System/Library/Frameworks/Carbon.framework/Versions/A/Frameworks/Ink.framework/Versions/A/Ink
0x0000000005686000 	/System/Library/Frameworks/QuartzCore.framework/Versions/A/Frameworks/CoreImage.framework/Versions/A/CoreImage
0x0000000005686000 	/System/Library/PrivateFrameworks/CrashReporterSupport.framework/Versions/A/CrashReporterSupport
0x0000000005686000 	/System/Library/Frameworks/OpenCL.framework/Versions/A/OpenCL
0x0000000005686000 	/System/Library/PrivateFrameworks/FaceCore.framework/Versions/A/FaceCore
0x0000000005686000 	/System/Library/PrivateFrameworks/Ubiquity.framework/Versions/A/Ubiquity
0x0000000005686000 	/System/Library/PrivateFrameworks/IconServices.framework/Versions/A/IconServices
0x0000000005686000 	/System/Library/PrivateFrameworks/ChunkingLibrary.framework/Versions/A/ChunkingLibrary
0x0000000005686000 	/System/Library/PrivateFrameworks/Apple80211.framework/Versions/A/Apple80211
0x0000000005686000 	/System/Library/Frameworks/CoreWLAN.framework/Versions/A/CoreWLAN
0x0000000005686000 	/System/Library/Frameworks/IOBluetooth.framework/Versions/A/IOBluetooth
0x0000000005686000 	/System/Library/PrivateFrameworks/CoreWiFi.framework/Versions/A/CoreWiFi
0x0000000005686000 	/System/Library/Frameworks/CoreBluetooth.framework/Versions/A/CoreBluetooth
0x0000000005686000 	/System/Library/PrivateFrameworks/DebugSymbols.framework/Versions/A/DebugSymbols
0x0000000005686000 	/System/Library/PrivateFrameworks/CoreSymbolication.framework/Versions/A/CoreSymbolication
0x0000000005686000 	/System/Library/PrivateFrameworks/Symbolication.framework/Versions/A/Symbolication
0x0000000005686000 	/System/Library/PrivateFrameworks/SpeechRecognitionCore.framework/Versions/A/SpeechRecognitionCore
0x0000000109a00000 	/Library/Java/JavaVirtualMachines/jdk1.8.0_51.jdk/Contents/Home/jre/lib/server/libjvm.dylib
0x0000000005686000 	/usr/lib/libstdc++.6.dylib
0x000000010894b000 	/Library/Java/JavaVirtualMachines/jdk1.8.0_51.jdk/Contents/Home/jre/lib/libverify.dylib
0x0000000108959000 	/Library/Java/JavaVirtualMachines/jdk1.8.0_51.jdk/Contents/Home/jre/lib/libjava.dylib
0x0000000108998000 	/Library/Java/JavaVirtualMachines/jdk1.8.0_51.jdk/Contents/Home/jre/lib/libzip.dylib
0x00000001265f3000 	/System/Library/Frameworks/JavaVM.framework/Frameworks/JavaRuntimeSupport.framework/JavaRuntimeSupport
0x0000000126609000 	/System/Library/Frameworks/JavaVM.framework/Versions/A/Frameworks/JavaNativeFoundation.framework/Versions/A/JavaNativeFoundation
0x00000001089f2000 	/System/Library/Frameworks/JavaVM.framework/Versions/A/JavaVM
0x0000000005686000 	/System/Library/Frameworks/Carbon.framework/Versions/A/Carbon
0x000000012661d000 	/System/Library/PrivateFrameworks/JavaLaunching.framework/Versions/A/JavaLaunching
0x0000000005686000 	/System/Library/Frameworks/Carbon.framework/Versions/A/Frameworks/CommonPanels.framework/Versions/A/CommonPanels
0x0000000005686000 	/System/Library/Frameworks/Carbon.framework/Versions/A/Frameworks/Help.framework/Versions/A/Help
0x0000000005686000 	/System/Library/Frameworks/Carbon.framework/Versions/A/Frameworks/ImageCapture.framework/Versions/A/ImageCapture
0x0000000005686000 	/System/Library/Frameworks/Carbon.framework/Versions/A/Frameworks/OpenScripting.framework/Versions/A/OpenScripting
0x0000000005686000 	/System/Library/Frameworks/Carbon.framework/Versions/A/Frameworks/Print.framework/Versions/A/Print
0x0000000005686000 	/System/Library/Frameworks/Carbon.framework/Versions/A/Frameworks/SecurityHI.framework/Versions/A/SecurityHI
0x000000012865b000 	/Applications/IntelliJ IDEA CE.app/Contents/bin/libbreakgen64.jnilib
0x0000000128761000 	/Library/Java/JavaVirtualMachines/jdk1.8.0_51.jdk/Contents/Home/jre/lib/libnet.dylib
0x0000000128a5c000 	/Library/Java/JavaVirtualMachines/jdk1.8.0_51.jdk/Contents/Home/jre/lib/libprism_es2.dylib
0x0000000005686000 	/System/Library/Frameworks/OpenGL.framework/Versions/A/Resources/GLEngine.bundle/GLEngine
0x0000000005686000 	/System/Library/Frameworks/OpenGL.framework/Versions/A/Libraries/libGLProgrammability.dylib
0x0000000000000000 	/System/Library/Extensions/AppleIntelHD5000GraphicsGLDriver.bundle/Contents/MacOS/AppleIntelHD5000GraphicsGLDriver
0x0000000005686000 	/System/Library/PrivateFrameworks/IOAccelerator.framework/Versions/A/IOAccelerator
0x0000000005686000 	/System/Library/PrivateFrameworks/GPUSupport.framework/Versions/A/Libraries/libGPUSupportMercury.dylib
0x0000000000000000 	/System/Library/Extensions/GeForceGLDriver.bundle/Contents/MacOS/GeForceGLDriver
0x0000000005686000 	/System/Library/Extensions/GeForceGLDriver.bundle/Contents/MacOS/libclh.dylib
0x0000000005686000 	/System/Library/Frameworks/OpenGL.framework/Versions/A/Resources/GLRendererFloat.bundle/GLRendererFloat
0x0000000005686000 	/System/Library/Frameworks/OpenCL.framework/Versions/A/Libraries/libcldcpuengine.dylib
0x0000000005686000 	/System/Library/PrivateFrameworks/DiskImages.framework/Versions/A/DiskImages
0x0000000005686000 	/System/Library/Frameworks/DiscRecording.framework/Versions/A/DiscRecording
0x0000000005686000 	/usr/lib/libcsfde.dylib
0x0000000005686000 	/usr/lib/libcurl.4.dylib
0x0000000005686000 	/System/Library/PrivateFrameworks/MediaKit.framework/Versions/A/MediaKit
0x0000000005686000 	/System/Library/PrivateFrameworks/ProtectedCloudStorage.framework/Versions/A/ProtectedCloudStorage
0x0000000005686000 	/usr/lib/libCoreStorage.dylib
0x0000000005686000 	/System/Library/PrivateFrameworks/EFILogin.framework/Versions/A/EFILogin
0x0000000005686000 	/usr/lib/libutil.dylib
0x0000000005686000 	/System/Library/PrivateFrameworks/FindMyDevice.framework/Versions/A/FindMyDevice
0x0000000005686000 	/System/Library/Frameworks/LDAP.framework/Versions/A/LDAP
0x0000000005686000 	/usr/lib/libsasl2.2.dylib
0x0000000005686000 	/System/Library/PrivateFrameworks/CoreDaemon.framework/Versions/B/CoreDaemon
0x0000000005686000 	/usr/lib/libcrypto.0.9.8.dylib
0x0000000005686000 	/System/Library/PrivateFrameworks/AppleSRP.framework/Versions/A/AppleSRP
0x0000000005686000 	/System/Library/PrivateFrameworks/TrustEvaluationAgent.framework/Versions/A/TrustEvaluationAgent
0x0000000129149000 	/Library/Java/JavaVirtualMachines/jdk1.8.0_51.jdk/Contents/Home/jre/lib/libglass.dylib
0x0000000005686000 	/System/Library/PrivateFrameworks/CoreServicesInternal.framework/Versions/A/CoreServicesInternal
0x0000000005686000 	/System/Library/PrivateFrameworks/CloudDocs.framework/Versions/A/CloudDocs
0x0000000005686000 	/System/Library/PrivateFrameworks/CoreDuet.framework/Versions/A/CoreDuet
0x0000000005686000 	/System/Library/Frameworks/CloudKit.framework/Versions/A/CloudKit
0x0000000005686000 	/System/Library/PrivateFrameworks/ProtocolBuffer.framework/Versions/A/ProtocolBuffer
0x0000000005686000 	/System/Library/PrivateFrameworks/CoreDuetDaemonProtocol.framework/Versions/A/CoreDuetDaemonProtocol
0x0000000005686000 	/System/Library/PrivateFrameworks/CoreDuetDebugLogging.framework/Versions/A/CoreDuetDebugLogging
0x0000000005686000 	/System/Library/Frameworks/CoreLocation.framework/Versions/A/CoreLocation
0x0000000005686000 	/System/Library/Frameworks/Accounts.framework/Versions/A/Accounts
0x0000000005686000 	/System/Library/PrivateFrameworks/ApplePushService.framework/Versions/A/ApplePushService
0x0000000005686000 	/System/Library/PrivateFrameworks/GeoServices.framework/Versions/A/GeoServices
0x0000000005686000 	/System/Library/PrivateFrameworks/OAuth.framework/Versions/A/OAuth
0x0000000005686000 	/System/Library/Frameworks/CoreGraphics.framework/Versions/A/Resources/libCGCMS.A.dylib
0x0000000005686000 	/System/Library/CoreServices/RawCamera.bundle/Contents/MacOS/RawCamera
0x0000000005686000 	/System/Library/Frameworks/CoreGraphics.framework/Versions/A/Resources/libRIP.A.dylib
0x0000000005686000 	/System/Library/PrivateFrameworks/FamilyControls.framework/Versions/A/FamilyControls
0x0000000005686000 	/System/Library/PrivateFrameworks/CommerceKit.framework/Versions/A/Frameworks/CommerceCore.framework/Versions/A/CommerceCore
0x0000000005686000 	/System/Library/PrivateFrameworks/SystemAdministration.framework/Versions/A/SystemAdministration
0x0000000005686000 	/System/Library/PrivateFrameworks/AppContainer.framework/Versions/A/AppContainer
0x0000000005686000 	/System/Library/PrivateFrameworks/SecCodeWrapper.framework/Versions/A/SecCodeWrapper
0x0000000005686000 	/System/Library/Frameworks/DirectoryService.framework/Versions/A/DirectoryService
0x0000000005686000 	/System/Library/PrivateFrameworks/LoginUIKit.framework/Versions/A/Frameworks/LoginUICore.framework/Versions/A/LoginUICore
0x0000000005686000 	/usr/lib/libodfde.dylib
0x000000012cba6000 	/Library/Java/JavaVirtualMachines/jdk1.8.0_51.jdk/Contents/Home/jre/lib/libjavafx_font.dylib
0x0000000005686000 	/System/Library/Frameworks/CoreGraphics.framework/Versions/A/Resources/libCGXType.A.dylib
0x000000013069a000 	/Library/Java/JavaVirtualMachines/jdk1.8.0_51.jdk/Contents/Home/jre/lib/libprism_common.dylib
0x00000001310e0000 	cl_kernels
0x00000001310e2000 	/System/Library/Frameworks/OpenCL.framework/Versions/A/Libraries/ImageFormats/unorm8_bgra.dylib
0x00000001310d1000 	cl_kernels
0x0000000131cdb000 	/Library/Java/JavaVirtualMachines/jdk1.8.0_51.jdk/Contents/Home/jre/lib/libnio.dylib

VM Arguments:
jvm_args: -Didea.launcher.port=7535 -Didea.launcher.bin.path=/Applications/IntelliJ IDEA CE.app/Contents/bin -Dfile.encoding=UTF-8 
java_command: com.intellij.rt.execution.application.AppMain BuzzWord
java_class_path (initial): /Library/Java/JavaVirtualMachines/jdk1.8.0_51.jdk/Contents/Home/jre/lib/charsets.jar:/Library/Java/JavaVirtualMachines/jdk1.8.0_51.jdk/Contents/Home/jre/lib/deploy.jar:/Library/Java/JavaVirtualMachines/jdk1.8.0_51.jdk/Contents/Home/jre/lib/ext/cldrdata.jar:/Library/Java/JavaVirtualMachines/jdk1.8.0_51.jdk/Contents/Home/jre/lib/ext/dnsns.jar:/Library/Java/JavaVirtualMachines/jdk1.8.0_51.jdk/Contents/Home/jre/lib/ext/jfxrt.jar:/Library/Java/JavaVirtualMachines/jdk1.8.0_51.jdk/Contents/Home/jre/lib/ext/localedata.jar:/Library/Java/JavaVirtualMachines/jdk1.8.0_51.jdk/Contents/Home/jre/lib/ext/nashorn.jar:/Library/Java/JavaVirtualMachines/jdk1.8.0_51.jdk/Contents/Home/jre/lib/ext/sunec.jar:/Library/Java/JavaVirtualMachines/jdk1.8.0_51.jdk/Contents/Home/jre/lib/ext/sunjce_provider.jar:/Library/Java/JavaVirtualMachines/jdk1.8.0_51.jdk/Contents/Home/jre/lib/ext/sunpkcs11.jar:/Library/Java/JavaVirtualMachines/jdk1.8.0_51.jdk/Contents/Home/jre/lib/ext/zipfs.jar:/Library/Java/JavaVirtualMachines/jdk1.8.0_51.jdk/Contents/Home/jre/lib/javaws.jar:/Library/Java/JavaVirtualMachines/jdk1.8.0_51.jdk/Contents/Home/jre/lib/jce.jar:/Library/Java/JavaVirtualMachines/jdk1.8.0_51.jdk/Contents/Home/jre/lib/jfr.jar:/Library/Java/JavaVirtualMachines/jdk1.8.0_51.jdk/Contents/Home/jre/lib/jfxswt.jar:/Library/Java/JavaVirtualMachines/jdk1.8.0_51.jdk/Contents/Home/jre/lib/jsse.jar:/Library/Java/JavaVirtualMachines/jdk1.8.0_51.jdk/Contents/Home/jre/lib/management-agent.jar:/Library/Java/JavaVirtualMachines/jdk1.8.0_51.jdk/Contents/Home/jre/lib/plugin.jar:/Library/Java/JavaVirtualMachines/jdk1.8.0_51.jdk/Contents/Home/jre/lib/resources.jar:/Library/Java/JavaVirtualMachines/jdk1.8.0_51.jdk/Contents/Home/jre/lib/rt.jar:/Library/Java/JavaVirtualMachines/jdk1.8.0_51.jdk/Contents/Home/lib/ant-javafx.jar:/Library/Java/JavaVirtualMachines/jdk1.8.0_51.jdk/Contents/Home/lib/dt.jar:/Library/Java/JavaVirtualMachines/jdk1.8.0_51.jdk/Contents/Home/lib/javafx-mx.jar:/Library/Java/Jav
Launcher Type: SUN_STANDARD

Environment Variables:
PATH=/usr/local/bin:/usr/bin:/bin:/usr/sbin:/sbin:/usr/local/git/bin
SHELL=/bin/bash

Signal Handlers:
SIGSEGV: [libjvm.dylib+0x58ef35], sa_mask[0]=11111111011111110111111111111111, sa_flags=SA_ONSTACK|SA_RESTART|SA_SIGINFO
SIGBUS: [libjvm.dylib+0x58ef35], sa_mask[0]=11111111011111110111111111111111, sa_flags=SA_RESTART|SA_SIGINFO
SIGFPE: [libjvm.dylib+0x46c028], sa_mask[0]=11111111011111110111111111111111, sa_flags=SA_RESTART|SA_SIGINFO
SIGPIPE: [libjvm.dylib+0x46c028], sa_mask[0]=11111111011111110111111111111111, sa_flags=SA_RESTART|SA_SIGINFO
SIGXFSZ: [libjvm.dylib+0x46c028], sa_mask[0]=11111111011111110111111111111111, sa_flags=SA_RESTART|SA_SIGINFO
SIGILL: [libjvm.dylib+0x46c028], sa_mask[0]=11111111011111110111111111111111, sa_flags=SA_RESTART|SA_SIGINFO
SIGUSR1: SIG_DFL, sa_mask[0]=00000000000000000000000000000000, sa_flags=none
SIGUSR2: [libjvm.dylib+0x46bb46], sa_mask[0]=00100000000000000000000000000000, sa_flags=SA_RESTART|SA_SIGINFO
SIGHUP: [libjvm.dylib+0x46a119], sa_mask[0]=11111111011111110111111111111111, sa_flags=SA_RESTART|SA_SIGINFO
SIGINT: [libjvm.dylib+0x46a119], sa_mask[0]=11111111011111110111111111111111, sa_flags=SA_RESTART|SA_SIGINFO
SIGTERM: [libjvm.dylib+0x46a119], sa_mask[0]=11111111011111110111111111111111, sa_flags=SA_RESTART|SA_SIGINFO
SIGQUIT: [libjvm.dylib+0x46a119], sa_mask[0]=11111111011111110111111111111111, sa_flags=SA_RESTART|SA_SIGINFO


---------------  S Y S T E M  ---------------

OS:Bsduname:Darwin 14.1.0 Darwin Kernel Version 14.1.0: Mon Dec 22 23:10:38 PST 2014; root:xnu-2782.10.72~2/RELEASE_X86_64 x86_64
rlimit: STACK 8192k, CORE 0k, NPROC 709, NOFILE 10240, AS infinity
load average:13.83 11.51 9.00

CPU:total 8 (4 cores per cpu, 2 threads per core) family 6 model 70 stepping 1, cmov, cx8, fxsr, mmx, sse, sse2, sse3, ssse3, sse4.1, sse4.2, popcnt, avx, avx2, aes, clmul, erms, rtm, lzcnt, ht, tsc, tscinvbit, bmi1, bmi2

Memory: 4k page, physical 16777216k(20884k free)

/proc/meminfo:


vm_info: Java HotSpot(TM) 64-Bit Server VM (25.51-b03) for bsd-amd64 JRE (1.8.0_51-b16), built on Jun  8 2015 18:01:11 by "java_re" with gcc 4.2.1 (Based on Apple Inc. build 5658) (LLVM build 2336.11.00)

time: Sun Jan  8 04:45:31 2017
elapsed time: 948 seconds (0d 0h 15m 48s)

